2026-04-04 21:22:13.140 | INFO     | __main__:main:134 - 创建输出文件夹: ./output_test
2026-04-04 21:22:13.142 | INFO     | __main__:main:147 - 找到 7 个待处理文件
2026-04-04 21:22:13.142 | INFO     | __main__:main:148 - 输入文件夹: ./input
2026-04-04 21:22:13.142 | INFO     | __main__:main:149 - 输出文件夹: ./output_test
2026-04-04 21:22:13.143 | INFO     | __main__:main:150 - 使用模板: 标准水印
2026-04-04 21:22:13.143 | INFO     | __main__:main:151 - 图片质量: 60
2026-04-04 21:22:13.143 | INFO     | __main__:main:152 - 并发线程: 4
2026-04-04 21:22:13.143 | INFO     | __main__:worker:167 - 正在处理: 20251127_黑日_1.jpg
2026-04-04 21:22:13.143 | INFO     | __main__:worker:167 - 正在处理: 20260322江心洲.jpg
2026-04-04 21:22:13.143 | INFO     | __main__:worker:167 - 正在处理: 20260328_6303.jpg
2026-04-04 21:22:13.145 | INFO     | __main__:worker:167 - 正在处理: 20260328_6368.jpg
2026-04-04 21:22:13.148 | ERROR    | core.util:get_exif:62 - get_exif error: E:\Code\Project\Python\semi-utils-main\input\20251127_黑日_1.jpg : [WinError 2] 系统找不到指定的文件。
2026-04-04 21:22:13.150 | ERROR    | core.util:get_exif:62 - get_exif error: E:\Code\Project\Python\semi-utils-main\input\20260328_6368.jpg : [WinError 2] 系统找不到指定的文件。
2026-04-04 21:22:13.150 | ERROR    | core.util:get_exif:62 - get_exif error: E:\Code\Project\Python\semi-utils-main\input\20260322江心洲.jpg : [WinError 2] 系统找不到指定的文件。
2026-04-04 21:22:13.150 | ERROR    | core.util:get_exif:62 - get_exif error: E:\Code\Project\Python\semi-utils-main\input\20260328_6303.jpg : [WinError 2] 系统找不到指定的文件。
2026-04-04 21:22:13.154 | ERROR    | core.util:get_exif:62 - get_exif error: E:\Code\Project\Python\semi-utils-main\input\20251127_黑日_1.jpg : [WinError 2] 系统找不到指定的文件。
2026-04-04 21:22:13.156 | ERROR    | core.util:get_exif:62 - get_exif error: E:\Code\Project\Python\semi-utils-main\input\20260328_6368.jpg : [WinError 2] 系统找不到指定的文件。
2026-04-04 21:22:13.156 | ERROR    | core.util:get_exif:62 - get_exif error: E:\Code\Project\Python\semi-utils-main\input\20260322江心洲.jpg : [WinError 2] 系统找不到指定的文件。
2026-04-04 21:22:13.157 | ERROR    | core.util:get_exif:62 - get_exif error: E:\Code\Project\Python\semi-utils-main\input\20260328_6303.jpg : [WinError 2] 系统找不到指定的文件。
2026-04-04 21:22:13.357 | SUCCESS  | processor.core:start_process:330 - Generated new image: ./output_test\20251127_黑日_1.jpg
2026-04-04 21:22:13.359 | SUCCESS  | __main__:worker:177 - 完成: 20251127_黑日_1.jpg
2026-04-04 21:22:13.360 | INFO     | __main__:worker:167 - 正在处理: 20260328_6400.jpg
2026-04-04 21:22:13.364 | ERROR    | core.util:get_exif:62 - get_exif error: E:\Code\Project\Python\semi-utils-main\input\20260328_6400.jpg : [WinError 2] 系统找不到指定的文件。
2026-04-04 21:22:13.370 | ERROR    | core.util:get_exif:62 - get_exif error: E:\Code\Project\Python\semi-utils-main\input\20260328_6400.jpg : [WinError 2] 系统找不到指定的文件。
2026-04-04 21:22:13.438 | SUCCESS  | processor.core:start_process:330 - Generated new image: ./output_test\20260328_6303.jpg
2026-04-04 21:22:13.442 | SUCCESS  | __main__:worker:177 - 完成: 20260328_6303.jpg
2026-04-04 21:22:13.442 | INFO     | __main__:worker:167 - 正在处理: 20260328_6472.jpg
2026-04-04 21:22:13.448 | ERROR    | core.util:get_exif:62 - get_exif error: E:\Code\Project\Python\semi-utils-main\input\20260328_6472.jpg : [WinError 2] 系统找不到指定的文件。
2026-04-04 21:22:13.451 | ERROR    | core.util:get_exif:62 - get_exif error: E:\Code\Project\Python\semi-utils-main\input\20260328_6472.jpg : [WinError 2] 系统找不到指定的文件。
2026-04-04 21:22:13.501 | SUCCESS  | processor.core:start_process:330 - Generated new image: ./output_test\20260328_6368.jpg
2026-04-04 21:22:13.507 | SUCCESS  | __main__:worker:177 - 完成: 20260328_6368.jpg
2026-04-04 21:22:13.508 | INFO     | __main__:worker:167 - 正在处理: 20260328_校园_猫_1.jpg
2026-04-04 21:22:13.513 | ERROR    | core.util:get_exif:62 - get_exif error: E:\Code\Project\Python\semi-utils-main\input\20260328_校园_猫_1.jpg : [WinError 2] 系统找不到指定的文件。
2026-04-04 21:22:13.516 | SUCCESS  | processor.core:start_process:330 - Generated new image: ./output_test\20260322江心洲.jpg
2026-04-04 21:22:13.522 | SUCCESS  | __main__:worker:177 - 完成: 20260322江心洲.jpg
2026-04-04 21:22:13.530 | ERROR    | core.util:get_exif:62 - get_exif error: E:\Code\Project\Python\semi-utils-main\input\20260328_校园_猫_1.jpg : [WinError 2] 系统找不到指定的文件。
2026-04-04 21:22:13.700 | SUCCESS  | processor.core:start_process:330 - Generated new image: ./output_test\20260328_6400.jpg
2026-04-04 21:22:13.706 | SUCCESS  | __main__:worker:177 - 完成: 20260328_6400.jpg
2026-04-04 21:22:13.718 | SUCCESS  | processor.core:start_process:330 - Generated new image: ./output_test\20260328_6472.jpg
2026-04-04 21:22:13.722 | SUCCESS  | __main__:worker:177 - 完成: 20260328_6472.jpg
2026-04-04 21:22:13.834 | SUCCESS  | processor.core:start_process:330 - Generated new image: ./output_test\20260328_校园_猫_1.jpg
2026-04-04 21:22:13.839 | SUCCESS  | __main__:worker:177 - 完成: 20260328_校园_猫_1.jpg
2026-04-04 21:22:13.840 | INFO     | __main__:main:204 - 处理完成! 成功: 7, 跳过: 0, 失败: 0
2026-04-04 21:23:33.385 | INFO     | __main__:main:147 - 找到 7 个待处理文件
2026-04-04 21:23:33.385 | INFO     | __main__:main:148 - 输入文件夹: ./input
2026-04-04 21:23:33.385 | INFO     | __main__:main:149 - 输出文件夹: ./output
2026-04-04 21:23:33.385 | INFO     | __main__:main:150 - 使用模板: 标准水印
2026-04-04 21:23:33.385 | INFO     | __main__:main:151 - 图片质量: 80
2026-04-04 21:23:33.385 | INFO     | __main__:main:152 - 并发线程: 4
2026-04-04 21:23:33.385 | INFO     | __main__:worker:167 - 正在处理: 20251127_黑日_1.jpg
2026-04-04 21:23:33.387 | INFO     | __main__:worker:167 - 正在处理: 20260322江心洲.jpg
2026-04-04 21:23:33.387 | INFO     | __main__:worker:167 - 正在处理: 20260328_6303.jpg
2026-04-04 21:23:33.387 | INFO     | __main__:worker:167 - 正在处理: 20260328_6368.jpg
2026-04-04 21:23:33.392 | ERROR    | core.util:get_exif:62 - get_exif error: E:\Code\Project\Python\semi-utils-main\input\20251127_黑日_1.jpg : [WinError 2] 系统找不到指定的文件。
2026-04-04 21:23:33.392 | ERROR    | core.util:get_exif:62 - get_exif error: E:\Code\Project\Python\semi-utils-main\input\20260322江心洲.jpg : [WinError 2] 系统找不到指定的文件。
2026-04-04 21:23:33.392 | ERROR    | core.util:get_exif:62 - get_exif error: E:\Code\Project\Python\semi-utils-main\input\20260328_6303.jpg : [WinError 2] 系统找不到指定的文件。
2026-04-04 21:23:33.392 | ERROR    | core.util:get_exif:62 - get_exif error: E:\Code\Project\Python\semi-utils-main\input\20260328_6368.jpg : [WinError 2] 系统找不到指定的文件。
2026-04-04 21:23:33.398 | ERROR    | core.util:get_exif:62 - get_exif error: E:\Code\Project\Python\semi-utils-main\input\20251127_黑日_1.jpg : [WinError 2] 系统找不到指定的文件。
2026-04-04 21:23:33.398 | ERROR    | core.util:get_exif:62 - get_exif error: E:\Code\Project\Python\semi-utils-main\input\20260322江心洲.jpg : [WinError 2] 系统找不到指定的文件。
2026-04-04 21:23:33.398 | ERROR    | core.util:get_exif:62 - get_exif error: E:\Code\Project\Python\semi-utils-main\input\20260328_6303.jpg : [WinError 2] 系统找不到指定的文件。
2026-04-04 21:23:33.399 | ERROR    | core.util:get_exif:62 - get_exif error: E:\Code\Project\Python\semi-utils-main\input\20260328_6368.jpg : [WinError 2] 系统找不到指定的文件。
2026-04-04 21:23:33.605 | SUCCESS  | processor.core:start_process:330 - Generated new image: ./output\20251127_黑日_1.jpg
2026-04-04 21:23:33.607 | SUCCESS  | __main__:worker:177 - 完成: 20251127_黑日_1.jpg
2026-04-04 21:23:33.609 | INFO     | __main__:worker:167 - 正在处理: 20260328_6400.jpg
2026-04-04 21:23:33.615 | ERROR    | core.util:get_exif:62 - get_exif error: E:\Code\Project\Python\semi-utils-main\input\20260328_6400.jpg : [WinError 2] 系统找不到指定的文件。
2026-04-04 21:23:33.618 | ERROR    | core.util:get_exif:62 - get_exif error: E:\Code\Project\Python\semi-utils-main\input\20260328_6400.jpg : [WinError 2] 系统找不到指定的文件。
2026-04-04 21:23:33.683 | SUCCESS  | processor.core:start_process:330 - Generated new image: ./output\20260328_6303.jpg
2026-04-04 21:23:33.688 | SUCCESS  | __main__:worker:177 - 完成: 20260328_6303.jpg
2026-04-04 21:23:33.688 | INFO     | __main__:worker:167 - 正在处理: 20260328_6472.jpg
2026-04-04 21:23:33.692 | ERROR    | core.util:get_exif:62 - get_exif error: E:\Code\Project\Python\semi-utils-main\input\20260328_6472.jpg : [WinError 2] 系统找不到指定的文件。
2026-04-04 21:23:33.697 | ERROR    | core.util:get_exif:62 - get_exif error: E:\Code\Project\Python\semi-utils-main\input\20260328_6472.jpg : [WinError 2] 系统找不到指定的文件。
2026-04-04 21:23:33.778 | SUCCESS  | processor.core:start_process:330 - Generated new image: ./output\20260322江心洲.jpg
2026-04-04 21:23:33.783 | SUCCESS  | processor.core:start_process:330 - Generated new image: ./output\20260328_6368.jpg
2026-04-04 21:23:33.788 | SUCCESS  | __main__:worker:177 - 完成: 20260322江心洲.jpg
2026-04-04 21:23:33.796 | SUCCESS  | __main__:worker:177 - 完成: 20260328_6368.jpg
2026-04-04 21:23:33.798 | INFO     | __main__:worker:167 - 正在处理: 20260328_校园_猫_1.jpg
2026-04-04 21:23:33.804 | ERROR    | core.util:get_exif:62 - get_exif error: E:\Code\Project\Python\semi-utils-main\input\20260328_校园_猫_1.jpg : [WinError 2] 系统找不到指定的文件。
2026-04-04 21:23:33.808 | ERROR    | core.util:get_exif:62 - get_exif error: E:\Code\Project\Python\semi-utils-main\input\20260328_校园_猫_1.jpg : [WinError 2] 系统找不到指定的文件。
2026-04-04 21:23:33.958 | SUCCESS  | processor.core:start_process:330 - Generated new image: ./output\20260328_6472.jpg
2026-04-04 21:23:33.963 | SUCCESS  | __main__:worker:177 - 完成: 20260328_6472.jpg
2026-04-04 21:23:33.967 | SUCCESS  | processor.core:start_process:330 - Generated new image: ./output\20260328_6400.jpg
2026-04-04 21:23:33.975 | SUCCESS  | __main__:worker:177 - 完成: 20260328_6400.jpg
2026-04-04 21:23:34.175 | SUCCESS  | processor.core:start_process:330 - Generated new image: ./output\20260328_校园_猫_1.jpg
2026-04-04 21:23:34.180 | SUCCESS  | __main__:worker:177 - 完成: 20260328_校园_猫_1.jpg
2026-04-04 21:23:34.181 | INFO     | __main__:main:204 - 处理完成! 成功: 7, 跳过: 0, 失败: 0
2026-04-04 21:28:09.402 | INFO     | __main__:main:134 - 创建输出文件夹: ./output_test2
2026-04-04 21:28:09.405 | INFO     | __main__:main:147 - 找到 7 个待处理文件
2026-04-04 21:28:09.405 | INFO     | __main__:main:148 - 输入文件夹: ./input
2026-04-04 21:28:09.406 | INFO     | __main__:main:149 - 输出文件夹: ./output_test2
2026-04-04 21:28:09.406 | INFO     | __main__:main:150 - 使用模板: 标准水印
2026-04-04 21:28:09.406 | INFO     | __main__:main:151 - 图片质量: 100
2026-04-04 21:28:09.406 | INFO     | __main__:main:152 - 并发线程: 4
2026-04-04 21:28:09.406 | INFO     | __main__:worker:167 - 正在处理: 20251127_黑日_1.jpg
2026-04-04 21:28:09.406 | INFO     | __main__:worker:167 - 正在处理: 20260322江心洲.jpg
2026-04-04 21:28:09.406 | INFO     | __main__:worker:167 - 正在处理: 20260328_6303.jpg
2026-04-04 21:28:09.406 | INFO     | __main__:worker:167 - 正在处理: 20260328_6368.jpg
2026-04-04 21:28:10.285 | SUCCESS  | processor.core:start_process:330 - Generated new image: ./output_test2\20251127_黑日_1.jpg
2026-04-04 21:28:10.287 | SUCCESS  | __main__:worker:177 - 完成: 20251127_黑日_1.jpg
2026-04-04 21:28:10.289 | SUCCESS  | processor.core:start_process:330 - Generated new image: ./output_test2\20260328_6303.jpg
2026-04-04 21:28:10.290 | INFO     | __main__:worker:167 - 正在处理: 20260328_6400.jpg
2026-04-04 21:28:10.294 | SUCCESS  | __main__:worker:177 - 完成: 20260328_6303.jpg
2026-04-04 21:28:10.295 | INFO     | __main__:worker:167 - 正在处理: 20260328_6472.jpg
2026-04-04 21:28:10.309 | SUCCESS  | processor.core:start_process:330 - Generated new image: ./output_test2\20260328_6368.jpg
2026-04-04 21:28:10.316 | SUCCESS  | __main__:worker:177 - 完成: 20260328_6368.jpg
2026-04-04 21:28:10.316 | INFO     | __main__:worker:167 - 正在处理: 20260328_校园_猫_1.jpg
2026-04-04 21:28:10.456 | SUCCESS  | processor.core:start_process:330 - Generated new image: ./output_test2\20260322江心洲.jpg
2026-04-04 21:28:10.464 | SUCCESS  | __main__:worker:177 - 完成: 20260322江心洲.jpg
2026-04-04 21:28:10.975 | SUCCESS  | processor.core:start_process:330 - Generated new image: ./output_test2\20260328_6472.jpg
2026-04-04 21:28:10.979 | SUCCESS  | __main__:worker:177 - 完成: 20260328_6472.jpg
2026-04-04 21:28:11.061 | SUCCESS  | processor.core:start_process:330 - Generated new image: ./output_test2\20260328_6400.jpg
2026-04-04 21:28:11.067 | SUCCESS  | __main__:worker:177 - 完成: 20260328_6400.jpg
2026-04-04 21:28:11.070 | SUCCESS  | processor.core:start_process:330 - Generated new image: ./output_test2\20260328_校园_猫_1.jpg
2026-04-04 21:28:11.075 | SUCCESS  | __main__:worker:177 - 完成: 20260328_校园_猫_1.jpg
2026-04-04 21:28:11.076 | INFO     | __main__:main:204 - 处理完成! 成功: 7, 跳过: 0, 失败: 0
2026-04-04 21:28:36.864 | INFO     | __main__:main:147 - 找到 7 个待处理文件
2026-04-04 21:28:36.864 | INFO     | __main__:main:148 - 输入文件夹: ./input
2026-04-04 21:28:36.864 | INFO     | __main__:main:149 - 输出文件夹: ./output
2026-04-04 21:28:36.864 | INFO     | __main__:main:150 - 使用模板: 标准水印
2026-04-04 21:28:36.866 | INFO     | __main__:main:151 - 图片质量: 80
2026-04-04 21:28:36.866 | INFO     | __main__:main:152 - 并发线程: 4
2026-04-04 21:28:36.866 | INFO     | __main__:worker:167 - 正在处理: 20251127_黑日_1.jpg
2026-04-04 21:28:36.866 | INFO     | __main__:worker:167 - 正在处理: 20260322江心洲.jpg
2026-04-04 21:28:36.866 | INFO     | __main__:worker:167 - 正在处理: 20260328_6303.jpg
2026-04-04 21:28:36.867 | INFO     | __main__:worker:167 - 正在处理: 20260328_6368.jpg
2026-04-04 21:28:37.674 | SUCCESS  | processor.core:start_process:330 - Generated new image: ./output\20251127_黑日_1.jpg
2026-04-04 21:28:37.677 | SUCCESS  | __main__:worker:177 - 完成: 20251127_黑日_1.jpg
2026-04-04 21:28:37.677 | INFO     | __main__:worker:167 - 正在处理: 20260328_6400.jpg
2026-04-04 21:28:37.685 | SUCCESS  | processor.core:start_process:330 - Generated new image: ./output\20260328_6303.jpg
2026-04-04 21:28:37.690 | SUCCESS  | __main__:worker:177 - 完成: 20260328_6303.jpg
2026-04-04 21:28:37.690 | INFO     | __main__:worker:167 - 正在处理: 20260328_6472.jpg
2026-04-04 21:28:37.696 | SUCCESS  | processor.core:start_process:330 - Generated new image: ./output\20260328_6368.jpg
2026-04-04 21:28:37.702 | SUCCESS  | __main__:worker:177 - 完成: 20260328_6368.jpg
2026-04-04 21:28:37.707 | INFO     | __main__:worker:167 - 正在处理: 20260328_校园_猫_1.jpg
2026-04-04 21:28:37.840 | SUCCESS  | processor.core:start_process:330 - Generated new image: ./output\20260322江心洲.jpg
2026-04-04 21:28:37.845 | SUCCESS  | __main__:worker:177 - 完成: 20260322江心洲.jpg
2026-04-04 21:28:38.361 | SUCCESS  | processor.core:start_process:330 - Generated new image: ./output\20260328_6472.jpg
2026-04-04 21:28:38.365 | SUCCESS  | __main__:worker:177 - 完成: 20260328_6472.jpg
2026-04-04 21:28:38.452 | SUCCESS  | processor.core:start_process:330 - Generated new image: ./output\20260328_校园_猫_1.jpg
2026-04-04 21:28:38.457 | SUCCESS  | __main__:worker:177 - 完成: 20260328_校园_猫_1.jpg
2026-04-04 21:28:38.460 | SUCCESS  | processor.core:start_process:330 - Generated new image: ./output\20260328_6400.jpg
2026-04-04 21:28:38.466 | SUCCESS  | __main__:worker:177 - 完成: 20260328_6400.jpg
2026-04-04 21:28:38.466 | INFO     | __main__:main:204 - 处理完成! 成功: 7, 跳过: 0, 失败: 0
2026-04-04 21:29:53.084 | INFO     | __main__:main:147 - 找到 7 个待处理文件
2026-04-04 21:29:53.084 | INFO     | __main__:main:148 - 输入文件夹: ./input
2026-04-04 21:29:53.084 | INFO     | __main__:main:149 - 输出文件夹: ./output
2026-04-04 21:29:53.084 | INFO     | __main__:main:150 - 使用模板: 背景模糊
2026-04-04 21:29:53.085 | INFO     | __main__:main:151 - 图片质量: 80
2026-04-04 21:29:53.085 | INFO     | __main__:main:152 - 并发线程: 4
2026-04-04 21:29:53.085 | INFO     | __main__:worker:167 - 正在处理: 20251127_黑日_1.jpg
2026-04-04 21:29:53.085 | INFO     | __main__:worker:167 - 正在处理: 20260322江心洲.jpg
2026-04-04 21:29:53.085 | INFO     | __main__:worker:167 - 正在处理: 20260328_6303.jpg
2026-04-04 21:29:53.087 | INFO     | __main__:worker:167 - 正在处理: 20260328_6368.jpg
2026-04-04 21:29:54.205 | SUCCESS  | processor.core:start_process:330 - Generated new image: ./output\20251127_黑日_1.jpg
2026-04-04 21:29:54.216 | SUCCESS  | __main__:worker:177 - 完成: 20251127_黑日_1.jpg
2026-04-04 21:29:54.236 | INFO     | __main__:worker:167 - 正在处理: 20260328_6400.jpg
2026-04-04 21:29:55.530 | SUCCESS  | processor.core:start_process:330 - Generated new image: ./output\20260328_6303.jpg
2026-04-04 21:29:55.561 | SUCCESS  | __main__:worker:177 - 完成: 20260328_6303.jpg
2026-04-04 21:29:55.561 | INFO     | __main__:worker:167 - 正在处理: 20260328_6472.jpg
2026-04-04 21:29:56.582 | SUCCESS  | processor.core:start_process:330 - Generated new image: ./output\20260322江心洲.jpg
2026-04-04 21:29:56.628 | SUCCESS  | __main__:worker:177 - 完成: 20260322江心洲.jpg
2026-04-04 21:29:56.629 | INFO     | __main__:worker:167 - 正在处理: 20260328_校园_猫_1.jpg
2026-04-04 21:29:56.639 | SUCCESS  | processor.core:start_process:330 - Generated new image: ./output\20260328_6368.jpg
2026-04-04 21:29:56.690 | SUCCESS  | __main__:worker:177 - 完成: 20260328_6368.jpg
2026-04-04 21:29:57.873 | SUCCESS  | processor.core:start_process:330 - Generated new image: ./output\20260328_6400.jpg
2026-04-04 21:29:57.919 | SUCCESS  | __main__:worker:177 - 完成: 20260328_6400.jpg
2026-04-04 21:29:58.400 | SUCCESS  | processor.core:start_process:330 - Generated new image: ./output\20260328_6472.jpg
2026-04-04 21:29:58.432 | SUCCESS  | __main__:worker:177 - 完成: 20260328_6472.jpg
2026-04-04 21:30:00.362 | SUCCESS  | processor.core:start_process:330 - Generated new image: ./output\20260328_校园_猫_1.jpg
2026-04-04 21:30:00.397 | SUCCESS  | __main__:worker:177 - 完成: 20260328_校园_猫_1.jpg
2026-04-04 21:30:00.399 | INFO     | __main__:main:204 - 处理完成! 成功: 7, 跳过: 0, 失败: 0
2026-04-04 21:31:49.241 | INFO     | __main__:main:147 - 找到 7 个待处理文件
2026-04-04 21:31:49.241 | INFO     | __main__:main:148 - 输入文件夹: ./input
2026-04-04 21:31:49.241 | INFO     | __main__:main:149 - 输出文件夹: ./output
2026-04-04 21:31:49.241 | INFO     | __main__:main:150 - 使用模板: 背景模糊
2026-04-04 21:31:49.241 | INFO     | __main__:main:151 - 图片质量: 100
2026-04-04 21:31:49.241 | INFO     | __main__:main:152 - 并发线程: 4
2026-04-04 21:31:49.243 | INFO     | __main__:worker:167 - 正在处理: 20251127_黑日_1.jpg
2026-04-04 21:31:49.243 | INFO     | __main__:worker:167 - 正在处理: 20260322江心洲.jpg
2026-04-04 21:31:49.243 | INFO     | __main__:worker:167 - 正在处理: 20260328_6303.jpg
2026-04-04 21:31:49.244 | INFO     | __main__:worker:167 - 正在处理: 20260328_6368.jpg
2026-04-04 21:31:50.365 | SUCCESS  | processor.core:start_process:330 - Generated new image: ./output\20251127_黑日_1.jpg
2026-04-04 21:31:50.375 | SUCCESS  | __main__:worker:177 - 完成: 20251127_黑日_1.jpg
2026-04-04 21:31:50.375 | INFO     | __main__:worker:167 - 正在处理: 20260328_6400.jpg
2026-04-04 21:31:51.697 | SUCCESS  | processor.core:start_process:330 - Generated new image: ./output\20260328_6303.jpg
2026-04-04 21:31:51.726 | SUCCESS  | __main__:worker:177 - 完成: 20260328_6303.jpg
2026-04-04 21:31:51.726 | INFO     | __main__:worker:167 - 正在处理: 20260328_6472.jpg
2026-04-04 21:31:52.504 | SUCCESS  | processor.core:start_process:330 - Generated new image: ./output\20260328_6368.jpg
2026-04-04 21:31:52.545 | SUCCESS  | __main__:worker:177 - 完成: 20260328_6368.jpg
2026-04-04 21:31:52.553 | SUCCESS  | processor.core:start_process:330 - Generated new image: ./output\20260322江心洲.jpg
2026-04-04 21:31:52.553 | INFO     | __main__:worker:167 - 正在处理: 20260328_校园_猫_1.jpg
2026-04-04 21:31:52.599 | SUCCESS  | __main__:worker:177 - 完成: 20260322江心洲.jpg
2026-04-04 21:31:53.567 | SUCCESS  | processor.core:start_process:330 - Generated new image: ./output\20260328_6400.jpg
2026-04-04 21:31:53.609 | SUCCESS  | __main__:worker:177 - 完成: 20260328_6400.jpg
2026-04-04 21:31:53.960 | SUCCESS  | processor.core:start_process:330 - Generated new image: ./output\20260328_6472.jpg
2026-04-04 21:31:53.986 | SUCCESS  | __main__:worker:177 - 完成: 20260328_6472.jpg
2026-04-04 21:31:55.510 | SUCCESS  | processor.core:start_process:330 - Generated new image: ./output\20260328_校园_猫_1.jpg
2026-04-04 21:31:55.552 | SUCCESS  | __main__:worker:177 - 完成: 20260328_校园_猫_1.jpg
2026-04-04 21:31:55.554 | INFO     | __main__:main:204 - 处理完成! 成功: 7, 跳过: 0, 失败: 0
2026-04-04 21:34:04.054 | INFO     | __main__:main:134 - 创建输出文件夹: ./output_test3
2026-04-04 21:34:04.057 | INFO     | __main__:main:147 - 找到 7 个待处理文件
2026-04-04 21:34:04.058 | INFO     | __main__:main:148 - 输入文件夹: ./input
2026-04-04 21:34:04.058 | INFO     | __main__:main:149 - 输出文件夹: ./output_test3
2026-04-04 21:34:04.058 | INFO     | __main__:main:150 - 使用模板: 标准水印
2026-04-04 21:34:04.058 | INFO     | __main__:main:151 - 图片质量: 100
2026-04-04 21:34:04.058 | INFO     | __main__:main:152 - 并发线程: 4
2026-04-04 21:34:04.058 | INFO     | __main__:worker:167 - 正在处理: 20251127_黑日_1.jpg
2026-04-04 21:34:04.058 | INFO     | __main__:worker:167 - 正在处理: 20260322江心洲.jpg
2026-04-04 21:34:04.058 | INFO     | __main__:worker:167 - 正在处理: 20260328_6303.jpg
2026-04-04 21:34:04.060 | INFO     | __main__:worker:167 - 正在处理: 20260328_6368.jpg
2026-04-04 21:34:04.722 | SUCCESS  | processor.core:start_process:330 - Generated new image: ./output_test3\20260328_6303.jpg
2026-04-04 21:34:04.727 | SUCCESS  | __main__:worker:177 - 完成: 20260328_6303.jpg
2026-04-04 21:34:04.736 | INFO     | __main__:worker:167 - 正在处理: 20260328_6400.jpg
2026-04-04 21:34:04.804 | SUCCESS  | processor.core:start_process:330 - Generated new image: ./output_test3\20251127_黑日_1.jpg
2026-04-04 21:34:04.807 | SUCCESS  | __main__:worker:177 - 完成: 20251127_黑日_1.jpg
2026-04-04 21:34:04.807 | INFO     | __main__:worker:167 - 正在处理: 20260328_6472.jpg
2026-04-04 21:34:04.827 | SUCCESS  | processor.core:start_process:330 - Generated new image: ./output_test3\20260328_6368.jpg
2026-04-04 21:34:04.833 | SUCCESS  | __main__:worker:177 - 完成: 20260328_6368.jpg
2026-04-04 21:34:04.838 | INFO     | __main__:worker:167 - 正在处理: 20260328_校园_猫_1.jpg
2026-04-04 21:34:05.030 | SUCCESS  | processor.core:start_process:330 - Generated new image: ./output_test3\20260322江心洲.jpg
2026-04-04 21:34:05.036 | SUCCESS  | __main__:worker:177 - 完成: 20260322江心洲.jpg
2026-04-04 21:34:05.416 | SUCCESS  | processor.core:start_process:330 - Generated new image: ./output_test3\20260328_6400.jpg
2026-04-04 21:34:05.422 | SUCCESS  | processor.core:start_process:330 - Generated new image: ./output_test3\20260328_6472.jpg
2026-04-04 21:34:05.427 | SUCCESS  | __main__:worker:177 - 完成: 20260328_6400.jpg
2026-04-04 21:34:05.430 | SUCCESS  | __main__:worker:177 - 完成: 20260328_6472.jpg
2026-04-04 21:34:05.506 | SUCCESS  | processor.core:start_process:330 - Generated new image: ./output_test3\20260328_校园_猫_1.jpg
2026-04-04 21:34:05.510 | SUCCESS  | __main__:worker:177 - 完成: 20260328_校园_猫_1.jpg
2026-04-04 21:34:05.511 | INFO     | __main__:main:204 - 处理完成! 成功: 7, 跳过: 0, 失败: 0
2026-04-04 21:36:37.056 | INFO     | __main__:main:147 - 找到 7 个待处理文件
2026-04-04 21:36:37.056 | INFO     | __main__:main:148 - 输入文件夹: ./input
2026-04-04 21:36:37.057 | INFO     | __main__:main:149 - 输出文件夹: ./output
2026-04-04 21:36:37.057 | INFO     | __main__:main:150 - 使用模板: 背景模糊
2026-04-04 21:36:37.057 | INFO     | __main__:main:151 - 图片质量: 100
2026-04-04 21:36:37.057 | INFO     | __main__:main:152 - 并发线程: 4
2026-04-04 21:36:37.057 | INFO     | __main__:worker:167 - 正在处理: 20251127_黑日_1.jpg
2026-04-04 21:36:37.057 | INFO     | __main__:worker:167 - 正在处理: 20260322江心洲.jpg
2026-04-04 21:36:37.059 | INFO     | __main__:worker:167 - 正在处理: 20260328_6303.jpg
2026-04-04 21:36:37.059 | INFO     | __main__:worker:167 - 正在处理: 20260328_6368.jpg
2026-04-04 21:36:38.199 | SUCCESS  | processor.core:start_process:330 - Generated new image: ./output\20251127_黑日_1.jpg
2026-04-04 21:36:38.211 | SUCCESS  | __main__:worker:177 - 完成: 20251127_黑日_1.jpg
2026-04-04 21:36:38.214 | INFO     | __main__:worker:167 - 正在处理: 20260328_6400.jpg
2026-04-04 21:36:39.537 | SUCCESS  | processor.core:start_process:330 - Generated new image: ./output\20260328_6303.jpg
2026-04-04 21:36:39.566 | SUCCESS  | __main__:worker:177 - 完成: 20260328_6303.jpg
2026-04-04 21:36:39.567 | INFO     | __main__:worker:167 - 正在处理: 20260328_6472.jpg
2026-04-04 21:36:40.611 | SUCCESS  | processor.core:start_process:330 - Generated new image: ./output\20260328_6368.jpg
2026-04-04 21:36:40.664 | SUCCESS  | processor.core:start_process:330 - Generated new image: ./output\20260322江心洲.jpg
2026-04-04 21:36:40.670 | SUCCESS  | __main__:worker:177 - 完成: 20260328_6368.jpg
2026-04-04 21:36:40.709 | INFO     | __main__:worker:167 - 正在处理: 20260328_校园_猫_1.jpg
2026-04-04 21:36:40.713 | SUCCESS  | __main__:worker:177 - 完成: 20260322江心洲.jpg
2026-04-04 21:36:41.912 | SUCCESS  | processor.core:start_process:330 - Generated new image: ./output\20260328_6400.jpg
2026-04-04 21:36:41.954 | SUCCESS  | __main__:worker:177 - 完成: 20260328_6400.jpg
2026-04-04 21:36:42.299 | SUCCESS  | processor.core:start_process:330 - Generated new image: ./output\20260328_6472.jpg
2026-04-04 21:36:42.327 | SUCCESS  | __main__:worker:177 - 完成: 20260328_6472.jpg
2026-04-04 21:36:43.821 | SUCCESS  | processor.core:start_process:330 - Generated new image: ./output\20260328_校园_猫_1.jpg
2026-04-04 21:36:43.853 | SUCCESS  | __main__:worker:177 - 完成: 20260328_校园_猫_1.jpg
2026-04-04 21:36:43.853 | INFO     | __main__:main:204 - 处理完成! 成功: 7, 跳过: 0, 失败: 0
2026-04-04 21:38:47.057 | INFO     | __main__:main:134 - 创建输出文件夹: ./output_blur
2026-04-04 21:38:47.058 | INFO     | __main__:main:147 - 找到 7 个待处理文件
2026-04-04 21:38:47.058 | INFO     | __main__:main:148 - 输入文件夹: ./input
2026-04-04 21:38:47.058 | INFO     | __main__:main:149 - 输出文件夹: ./output_blur
2026-04-04 21:38:47.060 | INFO     | __main__:main:150 - 使用模板: 背景模糊
2026-04-04 21:38:47.060 | INFO     | __main__:main:151 - 图片质量: 100
2026-04-04 21:38:47.060 | INFO     | __main__:main:152 - 并发线程: 4
2026-04-04 21:38:47.060 | INFO     | __main__:worker:167 - 正在处理: 20251127_黑日_1.jpg
2026-04-04 21:38:47.060 | INFO     | __main__:worker:167 - 正在处理: 20260322江心洲.jpg
2026-04-04 21:38:47.061 | INFO     | __main__:worker:167 - 正在处理: 20260328_6303.jpg
2026-04-04 21:38:47.061 | INFO     | __main__:worker:167 - 正在处理: 20260328_6368.jpg
2026-04-04 21:38:48.285 | SUCCESS  | processor.core:start_process:330 - Generated new image: ./output_blur\20251127_黑日_1.jpg
2026-04-04 21:38:48.298 | SUCCESS  | __main__:worker:177 - 完成: 20251127_黑日_1.jpg
2026-04-04 21:38:48.298 | INFO     | __main__:worker:167 - 正在处理: 20260328_6400.jpg
2026-04-04 21:38:49.514 | SUCCESS  | processor.core:start_process:330 - Generated new image: ./output_blur\20260328_6303.jpg
2026-04-04 21:38:49.543 | SUCCESS  | __main__:worker:177 - 完成: 20260328_6303.jpg
2026-04-04 21:38:49.544 | INFO     | __main__:worker:167 - 正在处理: 20260328_6472.jpg
2026-04-04 21:38:50.392 | SUCCESS  | processor.core:start_process:330 - Generated new image: ./output_blur\20260322江心洲.jpg
2026-04-04 21:38:50.429 | SUCCESS  | __main__:worker:177 - 完成: 20260322江心洲.jpg
2026-04-04 21:38:50.433 | INFO     | __main__:worker:167 - 正在处理: 20260328_校园_猫_1.jpg
2026-04-04 21:38:50.437 | SUCCESS  | processor.core:start_process:330 - Generated new image: ./output_blur\20260328_6368.jpg
2026-04-04 21:38:50.484 | SUCCESS  | __main__:worker:177 - 完成: 20260328_6368.jpg
2026-04-04 21:38:51.547 | SUCCESS  | processor.core:start_process:330 - Generated new image: ./output_blur\20260328_6400.jpg
2026-04-04 21:38:51.590 | SUCCESS  | __main__:worker:177 - 完成: 20260328_6400.jpg
2026-04-04 21:38:51.823 | SUCCESS  | processor.core:start_process:330 - Generated new image: ./output_blur\20260328_6472.jpg
2026-04-04 21:38:51.849 | SUCCESS  | __main__:worker:177 - 完成: 20260328_6472.jpg
2026-04-04 21:38:53.290 | SUCCESS  | processor.core:start_process:330 - Generated new image: ./output_blur\20260328_校园_猫_1.jpg
2026-04-04 21:38:53.324 | SUCCESS  | __main__:worker:177 - 完成: 20260328_校园_猫_1.jpg
2026-04-04 21:38:53.324 | INFO     | __main__:main:204 - 处理完成! 成功: 7, 跳过: 0, 失败: 0
2026-04-04 21:39:08.164 | INFO     | __main__:main:147 - 找到 7 个待处理文件
2026-04-04 21:39:08.164 | INFO     | __main__:main:148 - 输入文件夹: ./input
2026-04-04 21:39:08.164 | INFO     | __main__:main:149 - 输出文件夹: ./output
2026-04-04 21:39:08.164 | INFO     | __main__:main:150 - 使用模板: 背景模糊
2026-04-04 21:39:08.164 | INFO     | __main__:main:151 - 图片质量: 100
2026-04-04 21:39:08.164 | INFO     | __main__:main:152 - 并发线程: 4
2026-04-04 21:39:08.164 | INFO     | __main__:worker:167 - 正在处理: 20251127_黑日_1.jpg
2026-04-04 21:39:08.166 | INFO     | __main__:worker:167 - 正在处理: 20260322江心洲.jpg
2026-04-04 21:39:08.166 | INFO     | __main__:worker:167 - 正在处理: 20260328_6303.jpg
2026-04-04 21:39:08.166 | INFO     | __main__:worker:167 - 正在处理: 20260328_6368.jpg
2026-04-04 21:39:09.493 | SUCCESS  | processor.core:start_process:330 - Generated new image: ./output\20251127_黑日_1.jpg
2026-04-04 21:39:09.508 | SUCCESS  | __main__:worker:177 - 完成: 20251127_黑日_1.jpg
2026-04-04 21:39:09.508 | INFO     | __main__:worker:167 - 正在处理: 20260328_6400.jpg
2026-04-04 21:39:10.902 | SUCCESS  | processor.core:start_process:330 - Generated new image: ./output\20260328_6303.jpg
2026-04-04 21:39:10.985 | SUCCESS  | __main__:worker:177 - 完成: 20260328_6303.jpg
2026-04-04 21:39:10.986 | INFO     | __main__:worker:167 - 正在处理: 20260328_6472.jpg
2026-04-04 21:39:11.957 | SUCCESS  | processor.core:start_process:330 - Generated new image: ./output\20260322江心洲.jpg
2026-04-04 21:39:12.006 | SUCCESS  | __main__:worker:177 - 完成: 20260322江心洲.jpg
2026-04-04 21:39:12.007 | INFO     | __main__:worker:167 - 正在处理: 20260328_校园_猫_1.jpg
2026-04-04 21:39:12.018 | SUCCESS  | processor.core:start_process:330 - Generated new image: ./output\20260328_6368.jpg
2026-04-04 21:39:12.117 | SUCCESS  | __main__:worker:177 - 完成: 20260328_6368.jpg
2026-04-04 21:39:13.354 | SUCCESS  | processor.core:start_process:330 - Generated new image: ./output\20260328_6400.jpg
2026-04-04 21:39:13.399 | SUCCESS  | __main__:worker:177 - 完成: 20260328_6400.jpg
2026-04-04 21:39:13.807 | SUCCESS  | processor.core:start_process:330 - Generated new image: ./output\20260328_6472.jpg
2026-04-04 21:39:13.834 | SUCCESS  | __main__:worker:177 - 完成: 20260328_6472.jpg
2026-04-04 21:39:15.713 | SUCCESS  | processor.core:start_process:330 - Generated new image: ./output\20260328_校园_猫_1.jpg
2026-04-04 21:39:15.765 | SUCCESS  | __main__:worker:177 - 完成: 20260328_校园_猫_1.jpg
2026-04-04 21:39:15.765 | INFO     | __main__:main:204 - 处理完成! 成功: 7, 跳过: 0, 失败: 0
2026-04-04 21:40:15.273 | INFO     | __main__:main:134 - 创建输出文件夹: ./output_blur2
2026-04-04 21:40:15.275 | INFO     | __main__:main:147 - 找到 7 个待处理文件
2026-04-04 21:40:15.275 | INFO     | __main__:main:148 - 输入文件夹: ./input
2026-04-04 21:40:15.275 | INFO     | __main__:main:149 - 输出文件夹: ./output_blur2
2026-04-04 21:40:15.275 | INFO     | __main__:main:150 - 使用模板: 背景模糊
2026-04-04 21:40:15.276 | INFO     | __main__:main:151 - 图片质量: 100
2026-04-04 21:40:15.276 | INFO     | __main__:main:152 - 并发线程: 4
2026-04-04 21:40:15.276 | INFO     | __main__:worker:167 - 正在处理: 20251127_黑日_1.jpg
2026-04-04 21:40:15.276 | INFO     | __main__:worker:167 - 正在处理: 20260322江心洲.jpg
2026-04-04 21:40:15.276 | INFO     | __main__:worker:167 - 正在处理: 20260328_6303.jpg
2026-04-04 21:40:15.276 | INFO     | __main__:worker:167 - 正在处理: 20260328_6368.jpg
2026-04-04 21:40:16.556 | SUCCESS  | processor.core:start_process:330 - Generated new image: ./output_blur2\20251127_黑日_1.jpg
2026-04-04 21:40:16.564 | SUCCESS  | __main__:worker:177 - 完成: 20251127_黑日_1.jpg
2026-04-04 21:40:16.566 | INFO     | __main__:worker:167 - 正在处理: 20260328_6400.jpg
2026-04-04 21:40:17.767 | SUCCESS  | processor.core:start_process:330 - Generated new image: ./output_blur2\20260328_6303.jpg
2026-04-04 21:40:17.791 | SUCCESS  | __main__:worker:177 - 完成: 20260328_6303.jpg
2026-04-04 21:40:17.792 | INFO     | __main__:worker:167 - 正在处理: 20260328_6472.jpg
2026-04-04 21:40:18.646 | SUCCESS  | processor.core:start_process:330 - Generated new image: ./output_blur2\20260328_6368.jpg
2026-04-04 21:40:18.678 | SUCCESS  | __main__:worker:177 - 完成: 20260328_6368.jpg
2026-04-04 21:40:18.678 | INFO     | __main__:worker:167 - 正在处理: 20260328_校园_猫_1.jpg
2026-04-04 21:40:18.684 | SUCCESS  | processor.core:start_process:330 - Generated new image: ./output_blur2\20260322江心洲.jpg
2026-04-04 21:40:18.715 | SUCCESS  | __main__:worker:177 - 完成: 20260322江心洲.jpg
2026-04-04 21:40:19.692 | SUCCESS  | processor.core:start_process:330 - Generated new image: ./output_blur2\20260328_6400.jpg
2026-04-04 21:40:19.722 | SUCCESS  | __main__:worker:177 - 完成: 20260328_6400.jpg
2026-04-04 21:40:20.050 | SUCCESS  | processor.core:start_process:330 - Generated new image: ./output_blur2\20260328_6472.jpg
2026-04-04 21:40:20.069 | SUCCESS  | __main__:worker:177 - 完成: 20260328_6472.jpg
2026-04-04 21:40:21.391 | SUCCESS  | processor.core:start_process:330 - Generated new image: ./output_blur2\20260328_校园_猫_1.jpg
2026-04-04 21:40:21.416 | SUCCESS  | __main__:worker:177 - 完成: 20260328_校园_猫_1.jpg
2026-04-04 21:40:21.416 | INFO     | __main__:main:204 - 处理完成! 成功: 7, 跳过: 0, 失败: 0
2026-04-04 21:40:35.481 | INFO     | __main__:main:147 - 找到 7 个待处理文件
2026-04-04 21:40:35.481 | INFO     | __main__:main:148 - 输入文件夹: ./input
2026-04-04 21:40:35.481 | INFO     | __main__:main:149 - 输出文件夹: ./output
2026-04-04 21:40:35.482 | INFO     | __main__:main:150 - 使用模板: 背景模糊
2026-04-04 21:40:35.482 | INFO     | __main__:main:151 - 图片质量: 100
2026-04-04 21:40:35.482 | INFO     | __main__:main:152 - 并发线程: 4
2026-04-04 21:40:35.482 | INFO     | __main__:worker:167 - 正在处理: 20251127_黑日_1.jpg
2026-04-04 21:40:35.483 | INFO     | __main__:worker:167 - 正在处理: 20260322江心洲.jpg
2026-04-04 21:40:35.483 | INFO     | __main__:worker:167 - 正在处理: 20260328_6303.jpg
2026-04-04 21:40:35.483 | INFO     | __main__:worker:167 - 正在处理: 20260328_6368.jpg
2026-04-04 21:40:36.688 | SUCCESS  | processor.core:start_process:330 - Generated new image: ./output\20251127_黑日_1.jpg
2026-04-04 21:40:36.700 | SUCCESS  | __main__:worker:177 - 完成: 20251127_黑日_1.jpg
2026-04-04 21:40:36.701 | INFO     | __main__:worker:167 - 正在处理: 20260328_6400.jpg
2026-04-04 21:40:37.963 | SUCCESS  | processor.core:start_process:330 - Generated new image: ./output\20260328_6303.jpg
2026-04-04 21:40:37.993 | SUCCESS  | __main__:worker:177 - 完成: 20260328_6303.jpg
2026-04-04 21:40:37.993 | INFO     | __main__:worker:167 - 正在处理: 20260328_6472.jpg
2026-04-04 21:40:39.042 | SUCCESS  | processor.core:start_process:330 - Generated new image: ./output\20260322江心洲.jpg
2026-04-04 21:40:39.098 | SUCCESS  | __main__:worker:177 - 完成: 20260322江心洲.jpg
2026-04-04 21:40:39.098 | INFO     | __main__:worker:167 - 正在处理: 20260328_校园_猫_1.jpg
2026-04-04 21:40:39.124 | SUCCESS  | processor.core:start_process:330 - Generated new image: ./output\20260328_6368.jpg
2026-04-04 21:40:39.190 | SUCCESS  | __main__:worker:177 - 完成: 20260328_6368.jpg
2026-04-04 21:40:40.615 | SUCCESS  | processor.core:start_process:330 - Generated new image: ./output\20260328_6400.jpg
2026-04-04 21:40:40.680 | SUCCESS  | __main__:worker:177 - 完成: 20260328_6400.jpg
2026-04-04 21:40:41.064 | SUCCESS  | processor.core:start_process:330 - Generated new image: ./output\20260328_6472.jpg
2026-04-04 21:40:41.086 | SUCCESS  | __main__:worker:177 - 完成: 20260328_6472.jpg
2026-04-04 21:40:42.956 | SUCCESS  | processor.core:start_process:330 - Generated new image: ./output\20260328_校园_猫_1.jpg
2026-04-04 21:40:43.003 | SUCCESS  | __main__:worker:177 - 完成: 20260328_校园_猫_1.jpg
2026-04-04 21:40:43.004 | INFO     | __main__:main:204 - 处理完成! 成功: 7, 跳过: 0, 失败: 0
2026-04-04 21:41:14.732 | INFO     | __main__:main:134 - 创建输出文件夹: ./output_blur3
2026-04-04 21:41:14.734 | INFO     | __main__:main:147 - 找到 7 个待处理文件
2026-04-04 21:41:14.734 | INFO     | __main__:main:148 - 输入文件夹: ./input
2026-04-04 21:41:14.734 | INFO     | __main__:main:149 - 输出文件夹: ./output_blur3
2026-04-04 21:41:14.734 | INFO     | __main__:main:150 - 使用模板: 背景模糊
2026-04-04 21:41:14.734 | INFO     | __main__:main:151 - 图片质量: 100
2026-04-04 21:41:14.734 | INFO     | __main__:main:152 - 并发线程: 4
2026-04-04 21:41:14.735 | INFO     | __main__:worker:167 - 正在处理: 20251127_黑日_1.jpg
2026-04-04 21:41:14.735 | INFO     | __main__:worker:167 - 正在处理: 20260322江心洲.jpg
2026-04-04 21:41:14.735 | INFO     | __main__:worker:167 - 正在处理: 20260328_6303.jpg
2026-04-04 21:41:14.737 | INFO     | __main__:worker:167 - 正在处理: 20260328_6368.jpg
2026-04-04 21:41:15.899 | SUCCESS  | processor.core:start_process:330 - Generated new image: ./output_blur3\20251127_黑日_1.jpg
2026-04-04 21:41:15.913 | SUCCESS  | __main__:worker:177 - 完成: 20251127_黑日_1.jpg
2026-04-04 21:41:15.913 | INFO     | __main__:worker:167 - 正在处理: 20260328_6400.jpg
2026-04-04 21:41:17.370 | SUCCESS  | processor.core:start_process:330 - Generated new image: ./output_blur3\20260328_6303.jpg
2026-04-04 21:41:17.397 | SUCCESS  | __main__:worker:177 - 完成: 20260328_6303.jpg
2026-04-04 21:41:17.397 | INFO     | __main__:worker:167 - 正在处理: 20260328_6472.jpg
2026-04-04 21:41:18.307 | SUCCESS  | processor.core:start_process:330 - Generated new image: ./output_blur3\20260322江心洲.jpg
2026-04-04 21:41:18.350 | SUCCESS  | __main__:worker:177 - 完成: 20260322江心洲.jpg
2026-04-04 21:41:18.352 | INFO     | __main__:worker:167 - 正在处理: 20260328_校园_猫_1.jpg
2026-04-04 21:41:18.368 | SUCCESS  | processor.core:start_process:330 - Generated new image: ./output_blur3\20260328_6368.jpg
2026-04-04 21:41:18.405 | SUCCESS  | __main__:worker:177 - 完成: 20260328_6368.jpg
2026-04-04 21:41:19.340 | SUCCESS  | processor.core:start_process:330 - Generated new image: ./output_blur3\20260328_6400.jpg
2026-04-04 21:41:19.377 | SUCCESS  | __main__:worker:177 - 完成: 20260328_6400.jpg
2026-04-04 21:41:19.733 | SUCCESS  | processor.core:start_process:330 - Generated new image: ./output_blur3\20260328_6472.jpg
2026-04-04 21:41:19.766 | SUCCESS  | __main__:worker:177 - 完成: 20260328_6472.jpg
2026-04-04 21:41:21.435 | SUCCESS  | processor.core:start_process:330 - Generated new image: ./output_blur3\20260328_校园_猫_1.jpg
2026-04-04 21:41:21.465 | SUCCESS  | __main__:worker:177 - 完成: 20260328_校园_猫_1.jpg
2026-04-04 21:41:21.466 | INFO     | __main__:main:204 - 处理完成! 成功: 7, 跳过: 0, 失败: 0
2026-04-04 21:42:01.573 | INFO     | __main__:main:147 - 找到 7 个待处理文件
2026-04-04 21:42:01.573 | INFO     | __main__:main:148 - 输入文件夹: ./input
2026-04-04 21:42:01.573 | INFO     | __main__:main:149 - 输出文件夹: ./output
2026-04-04 21:42:01.573 | INFO     | __main__:main:150 - 使用模板: 背景模糊
2026-04-04 21:42:01.575 | INFO     | __main__:main:151 - 图片质量: 100
2026-04-04 21:42:01.575 | INFO     | __main__:main:152 - 并发线程: 4
2026-04-04 21:42:01.575 | INFO     | __main__:worker:167 - 正在处理: 20251127_黑日_1.jpg
2026-04-04 21:42:01.575 | INFO     | __main__:worker:167 - 正在处理: 20260322江心洲.jpg
2026-04-04 21:42:01.575 | INFO     | __main__:worker:167 - 正在处理: 20260328_6303.jpg
2026-04-04 21:42:01.577 | INFO     | __main__:worker:167 - 正在处理: 20260328_6368.jpg
2026-04-04 21:42:02.739 | SUCCESS  | processor.core:start_process:330 - Generated new image: ./output\20251127_黑日_1.jpg
2026-04-04 21:42:02.749 | SUCCESS  | __main__:worker:177 - 完成: 20251127_黑日_1.jpg
2026-04-04 21:42:02.752 | INFO     | __main__:worker:167 - 正在处理: 20260328_6400.jpg
2026-04-04 21:42:04.012 | SUCCESS  | processor.core:start_process:330 - Generated new image: ./output\20260328_6303.jpg
2026-04-04 21:42:04.039 | SUCCESS  | __main__:worker:177 - 完成: 20260328_6303.jpg
2026-04-04 21:42:04.041 | INFO     | __main__:worker:167 - 正在处理: 20260328_6472.jpg
2026-04-04 21:42:05.037 | SUCCESS  | processor.core:start_process:330 - Generated new image: ./output\20260322江心洲.jpg
2026-04-04 21:42:05.091 | SUCCESS  | __main__:worker:177 - 完成: 20260322江心洲.jpg
2026-04-04 21:42:05.092 | INFO     | __main__:worker:167 - 正在处理: 20260328_校园_猫_1.jpg
2026-04-04 21:42:05.097 | SUCCESS  | processor.core:start_process:330 - Generated new image: ./output\20260328_6368.jpg
2026-04-04 21:42:05.154 | SUCCESS  | __main__:worker:177 - 完成: 20260328_6368.jpg
2026-04-04 21:42:06.416 | SUCCESS  | processor.core:start_process:330 - Generated new image: ./output\20260328_6400.jpg
2026-04-04 21:42:06.457 | SUCCESS  | __main__:worker:177 - 完成: 20260328_6400.jpg
2026-04-04 21:42:06.781 | SUCCESS  | processor.core:start_process:330 - Generated new image: ./output\20260328_6472.jpg
2026-04-04 21:42:06.805 | SUCCESS  | __main__:worker:177 - 完成: 20260328_6472.jpg
2026-04-04 21:42:08.663 | SUCCESS  | processor.core:start_process:330 - Generated new image: ./output\20260328_校园_猫_1.jpg
2026-04-04 21:42:08.697 | SUCCESS  | __main__:worker:177 - 完成: 20260328_校园_猫_1.jpg
2026-04-04 21:42:08.699 | INFO     | __main__:main:204 - 处理完成! 成功: 7, 跳过: 0, 失败: 0
2026-04-04 21:44:40.900 | INFO     | __main__:main:134 - 创建输出文件夹: ./output_final
2026-04-04 21:44:40.901 | INFO     | __main__:main:147 - 找到 7 个待处理文件
2026-04-04 21:44:40.903 | INFO     | __main__:main:148 - 输入文件夹: ./input
2026-04-04 21:44:40.903 | INFO     | __main__:main:149 - 输出文件夹: ./output_final
2026-04-04 21:44:40.903 | INFO     | __main__:main:150 - 使用模板: 标准水印
2026-04-04 21:44:40.903 | INFO     | __main__:main:151 - 图片质量: 100
2026-04-04 21:44:40.903 | INFO     | __main__:main:152 - 并发线程: 4
2026-04-04 21:44:40.905 | INFO     | __main__:worker:167 - 正在处理: 20251127_黑日_1.jpg
2026-04-04 21:44:40.905 | INFO     | __main__:worker:167 - 正在处理: 20260322江心洲.jpg
2026-04-04 21:44:40.905 | INFO     | __main__:worker:167 - 正在处理: 20260328_6303.jpg
2026-04-04 21:44:40.905 | INFO     | __main__:worker:167 - 正在处理: 20260328_6368.jpg
2026-04-04 21:44:41.947 | SUCCESS  | processor.core:start_process:330 - Generated new image: ./output_final\20260328_6303.jpg
2026-04-04 21:44:41.953 | SUCCESS  | __main__:worker:177 - 完成: 20260328_6303.jpg
2026-04-04 21:44:41.954 | INFO     | __main__:worker:167 - 正在处理: 20260328_6400.jpg
2026-04-04 21:44:41.999 | SUCCESS  | processor.core:start_process:330 - Generated new image: ./output_final\20251127_黑日_1.jpg
2026-04-04 21:44:42.002 | SUCCESS  | __main__:worker:177 - 完成: 20251127_黑日_1.jpg
2026-04-04 21:44:42.004 | INFO     | __main__:worker:167 - 正在处理: 20260328_6472.jpg
2026-04-04 21:44:42.020 | SUCCESS  | processor.core:start_process:330 - Generated new image: ./output_final\20260328_6368.jpg
2026-04-04 21:44:42.026 | SUCCESS  | __main__:worker:177 - 完成: 20260328_6368.jpg
2026-04-04 21:44:42.026 | INFO     | __main__:worker:167 - 正在处理: 20260328_校园_猫_1.jpg
2026-04-04 21:44:42.186 | SUCCESS  | processor.core:start_process:330 - Generated new image: ./output_final\20260322江心洲.jpg
2026-04-04 21:44:42.193 | SUCCESS  | __main__:worker:177 - 完成: 20260322江心洲.jpg
2026-04-04 21:44:42.911 | SUCCESS  | processor.core:start_process:330 - Generated new image: ./output_final\20260328_6472.jpg
2026-04-04 21:44:42.916 | SUCCESS  | __main__:worker:177 - 完成: 20260328_6472.jpg
2026-04-04 21:44:42.963 | SUCCESS  | processor.core:start_process:330 - Generated new image: ./output_final\20260328_6400.jpg
2026-04-04 21:44:42.969 | SUCCESS  | __main__:worker:177 - 完成: 20260328_6400.jpg
2026-04-04 21:44:43.013 | SUCCESS  | processor.core:start_process:330 - Generated new image: ./output_final\20260328_校园_猫_1.jpg
2026-04-04 21:44:43.019 | SUCCESS  | __main__:worker:177 - 完成: 20260328_校园_猫_1.jpg
2026-04-04 21:44:43.019 | INFO     | __main__:main:204 - 处理完成! 成功: 7, 跳过: 0, 失败: 0
2026-04-04 21:45:02.879 | INFO     | __main__:main:147 - 找到 7 个待处理文件
2026-04-04 21:45:02.879 | INFO     | __main__:main:148 - 输入文件夹: ./input
2026-04-04 21:45:02.879 | INFO     | __main__:main:149 - 输出文件夹: ./output
2026-04-04 21:45:02.879 | INFO     | __main__:main:150 - 使用模板: 背景模糊
2026-04-04 21:45:02.880 | INFO     | __main__:main:151 - 图片质量: 100
2026-04-04 21:45:02.880 | INFO     | __main__:main:152 - 并发线程: 4
2026-04-04 21:45:02.880 | INFO     | __main__:worker:167 - 正在处理: 20251127_黑日_1.jpg
2026-04-04 21:45:02.880 | INFO     | __main__:worker:167 - 正在处理: 20260322江心洲.jpg
2026-04-04 21:45:02.881 | INFO     | __main__:worker:167 - 正在处理: 20260328_6303.jpg
2026-04-04 21:45:02.882 | INFO     | __main__:worker:167 - 正在处理: 20260328_6368.jpg
2026-04-04 21:45:04.254 | SUCCESS  | processor.core:start_process:330 - Generated new image: ./output\20251127_黑日_1.jpg
2026-04-04 21:45:04.268 | SUCCESS  | __main__:worker:177 - 完成: 20251127_黑日_1.jpg
2026-04-04 21:45:04.268 | INFO     | __main__:worker:167 - 正在处理: 20260328_6400.jpg
2026-04-04 21:45:05.555 | SUCCESS  | processor.core:start_process:330 - Generated new image: ./output\20260328_6303.jpg
2026-04-04 21:45:05.584 | SUCCESS  | __main__:worker:177 - 完成: 20260328_6303.jpg
2026-04-04 21:45:05.587 | INFO     | __main__:worker:167 - 正在处理: 20260328_6472.jpg
2026-04-04 21:45:06.667 | SUCCESS  | processor.core:start_process:330 - Generated new image: ./output\20260322江心洲.jpg
2026-04-04 21:45:06.721 | SUCCESS  | __main__:worker:177 - 完成: 20260322江心洲.jpg
2026-04-04 21:45:06.722 | INFO     | __main__:worker:167 - 正在处理: 20260328_校园_猫_1.jpg
2026-04-04 21:45:06.743 | SUCCESS  | processor.core:start_process:330 - Generated new image: ./output\20260328_6368.jpg
2026-04-04 21:45:06.790 | SUCCESS  | __main__:worker:177 - 完成: 20260328_6368.jpg
2026-04-04 21:45:08.221 | SUCCESS  | processor.core:start_process:330 - Generated new image: ./output\20260328_6400.jpg
2026-04-04 21:45:08.287 | SUCCESS  | __main__:worker:177 - 完成: 20260328_6400.jpg
2026-04-04 21:45:08.741 | SUCCESS  | processor.core:start_process:330 - Generated new image: ./output\20260328_6472.jpg
2026-04-04 21:45:08.780 | SUCCESS  | __main__:worker:177 - 完成: 20260328_6472.jpg
2026-04-04 21:45:10.475 | SUCCESS  | processor.core:start_process:330 - Generated new image: ./output\20260328_校园_猫_1.jpg
2026-04-04 21:45:10.507 | SUCCESS  | __main__:worker:177 - 完成: 20260328_校园_猫_1.jpg
2026-04-04 21:45:10.508 | INFO     | __main__:main:204 - 处理完成! 成功: 7, 跳过: 0, 失败: 0
2026-04-04 21:46:26.821 | INFO     | __main__:main:134 - 创建输出文件夹: ./output_brand
2026-04-04 21:46:26.824 | INFO     | __main__:main:147 - 找到 7 个待处理文件
2026-04-04 21:46:26.824 | INFO     | __main__:main:148 - 输入文件夹: ./input
2026-04-04 21:46:26.824 | INFO     | __main__:main:149 - 输出文件夹: ./output_brand
2026-04-04 21:46:26.824 | INFO     | __main__:main:150 - 使用模板: 标准水印
2026-04-04 21:46:26.824 | INFO     | __main__:main:151 - 图片质量: 100
2026-04-04 21:46:26.825 | INFO     | __main__:main:152 - 并发线程: 4
2026-04-04 21:46:26.825 | INFO     | __main__:worker:167 - 正在处理: 20251127_黑日_1.jpg
2026-04-04 21:46:26.825 | INFO     | __main__:worker:167 - 正在处理: 20260322江心洲.jpg
2026-04-04 21:46:26.825 | INFO     | __main__:worker:167 - 正在处理: 20260328_6303.jpg
2026-04-04 21:46:26.825 | INFO     | __main__:worker:167 - 正在处理: 20260328_6368.jpg
2026-04-04 21:46:27.633 | SUCCESS  | processor.core:start_process:330 - Generated new image: ./output_brand\20260328_6303.jpg
2026-04-04 21:46:27.638 | SUCCESS  | __main__:worker:177 - 完成: 20260328_6303.jpg
2026-04-04 21:46:27.641 | INFO     | __main__:worker:167 - 正在处理: 20260328_6400.jpg
2026-04-04 21:46:27.679 | SUCCESS  | processor.core:start_process:330 - Generated new image: ./output_brand\20251127_黑日_1.jpg
2026-04-04 21:46:27.682 | SUCCESS  | __main__:worker:177 - 完成: 20251127_黑日_1.jpg
2026-04-04 21:46:27.682 | INFO     | __main__:worker:167 - 正在处理: 20260328_6472.jpg
2026-04-04 21:46:27.708 | SUCCESS  | processor.core:start_process:330 - Generated new image: ./output_brand\20260328_6368.jpg
2026-04-04 21:46:27.716 | SUCCESS  | __main__:worker:177 - 完成: 20260328_6368.jpg
2026-04-04 21:46:27.717 | INFO     | __main__:worker:167 - 正在处理: 20260328_校园_猫_1.jpg
2026-04-04 21:46:27.902 | SUCCESS  | processor.core:start_process:330 - Generated new image: ./output_brand\20260322江心洲.jpg
2026-04-04 21:46:27.910 | SUCCESS  | __main__:worker:177 - 完成: 20260322江心洲.jpg
2026-04-04 21:46:28.436 | SUCCESS  | processor.core:start_process:330 - Generated new image: ./output_brand\20260328_6472.jpg
2026-04-04 21:46:28.441 | SUCCESS  | __main__:worker:177 - 完成: 20260328_6472.jpg
2026-04-04 21:46:28.491 | SUCCESS  | processor.core:start_process:330 - Generated new image: ./output_brand\20260328_6400.jpg
2026-04-04 21:46:28.496 | SUCCESS  | __main__:worker:177 - 完成: 20260328_6400.jpg
2026-04-04 21:46:28.553 | SUCCESS  | processor.core:start_process:330 - Generated new image: ./output_brand\20260328_校园_猫_1.jpg
2026-04-04 21:46:28.559 | SUCCESS  | __main__:worker:177 - 完成: 20260328_校园_猫_1.jpg
2026-04-04 21:46:28.559 | INFO     | __main__:main:204 - 处理完成! 成功: 7, 跳过: 0, 失败: 0
2026-04-04 21:47:12.993 | INFO     | __main__:main:147 - 找到 7 个待处理文件
2026-04-04 21:47:12.993 | INFO     | __main__:main:148 - 输入文件夹: ./input
2026-04-04 21:47:12.993 | INFO     | __main__:main:149 - 输出文件夹: ./output
2026-04-04 21:47:12.993 | INFO     | __main__:main:150 - 使用模板: 背景模糊
2026-04-04 21:47:12.994 | INFO     | __main__:main:151 - 图片质量: 100
2026-04-04 21:47:12.994 | INFO     | __main__:main:152 - 并发线程: 4
2026-04-04 21:47:12.994 | INFO     | __main__:worker:167 - 正在处理: 20251127_黑日_1.jpg
2026-04-04 21:47:12.994 | INFO     | __main__:worker:167 - 正在处理: 20260322江心洲.jpg
2026-04-04 21:47:12.996 | INFO     | __main__:worker:167 - 正在处理: 20260328_6303.jpg
2026-04-04 21:47:12.996 | INFO     | __main__:worker:167 - 正在处理: 20260328_6368.jpg
2026-04-04 21:47:14.179 | SUCCESS  | processor.core:start_process:330 - Generated new image: ./output\20251127_黑日_1.jpg
2026-04-04 21:47:14.192 | SUCCESS  | __main__:worker:177 - 完成: 20251127_黑日_1.jpg
2026-04-04 21:47:14.193 | INFO     | __main__:worker:167 - 正在处理: 20260328_6400.jpg
2026-04-04 21:47:15.492 | SUCCESS  | processor.core:start_process:330 - Generated new image: ./output\20260328_6303.jpg
2026-04-04 21:47:15.524 | SUCCESS  | __main__:worker:177 - 完成: 20260328_6303.jpg
2026-04-04 21:47:15.524 | INFO     | __main__:worker:167 - 正在处理: 20260328_6472.jpg
2026-04-04 21:47:16.580 | SUCCESS  | processor.core:start_process:330 - Generated new image: ./output\20260322江心洲.jpg
2026-04-04 21:47:16.628 | SUCCESS  | __main__:worker:177 - 完成: 20260322江心洲.jpg
2026-04-04 21:47:16.634 | SUCCESS  | processor.core:start_process:330 - Generated new image: ./output\20260328_6368.jpg
2026-04-04 21:47:16.642 | INFO     | __main__:worker:167 - 正在处理: 20260328_校园_猫_1.jpg
2026-04-04 21:47:16.685 | SUCCESS  | __main__:worker:177 - 完成: 20260328_6368.jpg
2026-04-04 21:47:18.042 | SUCCESS  | processor.core:start_process:330 - Generated new image: ./output\20260328_6400.jpg
2026-04-04 21:47:18.101 | SUCCESS  | __main__:worker:177 - 完成: 20260328_6400.jpg
2026-04-04 21:47:18.612 | SUCCESS  | processor.core:start_process:330 - Generated new image: ./output\20260328_6472.jpg
2026-04-04 21:47:18.652 | SUCCESS  | __main__:worker:177 - 完成: 20260328_6472.jpg
2026-04-04 21:47:20.292 | SUCCESS  | processor.core:start_process:330 - Generated new image: ./output\20260328_校园_猫_1.jpg
2026-04-04 21:47:20.334 | SUCCESS  | __main__:worker:177 - 完成: 20260328_校园_猫_1.jpg
2026-04-04 21:47:20.336 | INFO     | __main__:main:204 - 处理完成! 成功: 7, 跳过: 0, 失败: 0
2026-04-04 21:49:22.775 | SUCCESS  | processor.core:start_process:330 - Generated new image: ./output_test\logo居中\20251127_黑日_1.jpg
2026-04-04 21:49:23.044 | SUCCESS  | processor.core:start_process:330 - Generated new image: ./output_test\logo居中\20260322江心洲.jpg
2026-04-04 21:49:23.262 | SUCCESS  | processor.core:start_process:330 - Generated new image: ./output_test\logo居中\20260328_6303.jpg
2026-04-04 21:49:23.540 | SUCCESS  | processor.core:start_process:330 - Generated new image: ./output_test\logo居中\20260328_6368.jpg
2026-04-04 21:49:23.823 | SUCCESS  | processor.core:start_process:330 - Generated new image: ./output_test\logo居中\20260328_6400.jpg
2026-04-04 21:49:24.044 | SUCCESS  | processor.core:start_process:330 - Generated new image: ./output_test\logo居中\20260328_6472.jpg
2026-04-04 21:49:24.332 | SUCCESS  | processor.core:start_process:330 - Generated new image: ./output_test\logo居中\20260328_校园_猫_1.jpg
2026-04-04 21:49:24.570 | SUCCESS  | processor.core:start_process:330 - Generated new image: ./output_test\右下角参数\20251127_黑日_1.jpg
2026-04-04 21:49:24.966 | SUCCESS  | processor.core:start_process:330 - Generated new image: ./output_test\右下角参数\20260322江心洲.jpg
2026-04-04 21:49:25.287 | SUCCESS  | processor.core:start_process:330 - Generated new image: ./output_test\右下角参数\20260328_6303.jpg
2026-04-04 21:49:25.690 | SUCCESS  | processor.core:start_process:330 - Generated new image: ./output_test\右下角参数\20260328_6368.jpg
2026-04-04 21:49:26.095 | SUCCESS  | processor.core:start_process:330 - Generated new image: ./output_test\右下角参数\20260328_6400.jpg
2026-04-04 21:49:26.426 | SUCCESS  | processor.core:start_process:330 - Generated new image: ./output_test\右下角参数\20260328_6472.jpg
2026-04-04 21:49:26.826 | SUCCESS  | processor.core:start_process:330 - Generated new image: ./output_test\右下角参数\20260328_校园_猫_1.jpg
2026-04-04 21:49:27.762 | SUCCESS  | processor.core:start_process:330 - Generated new image: ./output_test\尼康专用背景模糊\20251127_黑日_1.jpg
2026-04-04 21:49:30.564 | SUCCESS  | processor.core:start_process:330 - Generated new image: ./output_test\尼康专用背景模糊\20260322江心洲.jpg
2026-04-04 21:49:32.614 | SUCCESS  | processor.core:start_process:330 - Generated new image: ./output_test\尼康专用背景模糊\20260328_6303.jpg
2026-04-04 21:49:35.453 | SUCCESS  | processor.core:start_process:330 - Generated new image: ./output_test\尼康专用背景模糊\20260328_6368.jpg
2026-04-04 21:49:38.272 | SUCCESS  | processor.core:start_process:330 - Generated new image: ./output_test\尼康专用背景模糊\20260328_6400.jpg
2026-04-04 21:49:40.249 | SUCCESS  | processor.core:start_process:330 - Generated new image: ./output_test\尼康专用背景模糊\20260328_6472.jpg
2026-04-04 21:49:42.896 | SUCCESS  | processor.core:start_process:330 - Generated new image: ./output_test\尼康专用背景模糊\20260328_校园_猫_1.jpg
2026-04-04 21:49:43.123 | SUCCESS  | processor.core:start_process:330 - Generated new image: ./output_test\文件夹名+右下角参数\20251127_黑日_1.jpg
2026-04-04 21:49:43.412 | SUCCESS  | processor.core:start_process:330 - Generated new image: ./output_test\文件夹名+右下角参数\20260322江心洲.jpg
2026-04-04 21:49:43.660 | SUCCESS  | processor.core:start_process:330 - Generated new image: ./output_test\文件夹名+右下角参数\20260328_6303.jpg
2026-04-04 21:49:43.967 | SUCCESS  | processor.core:start_process:330 - Generated new image: ./output_test\文件夹名+右下角参数\20260328_6368.jpg
2026-04-04 21:49:44.262 | SUCCESS  | processor.core:start_process:330 - Generated new image: ./output_test\文件夹名+右下角参数\20260328_6400.jpg
2026-04-04 21:49:44.527 | SUCCESS  | processor.core:start_process:330 - Generated new image: ./output_test\文件夹名+右下角参数\20260328_6472.jpg
2026-04-04 21:49:44.818 | SUCCESS  | processor.core:start_process:330 - Generated new image: ./output_test\文件夹名+右下角参数\20260328_校园_猫_1.jpg
2026-04-04 21:49:45.495 | SUCCESS  | processor.core:start_process:330 - Generated new image: ./output_test\标准水印\20251127_黑日_1.jpg
2026-04-04 21:49:46.329 | SUCCESS  | processor.core:start_process:330 - Generated new image: ./output_test\标准水印\20260322江心洲.jpg
2026-04-04 21:49:46.949 | SUCCESS  | processor.core:start_process:330 - Generated new image: ./output_test\标准水印\20260328_6303.jpg
2026-04-04 21:49:47.635 | SUCCESS  | processor.core:start_process:330 - Generated new image: ./output_test\标准水印\20260328_6368.jpg
2026-04-04 21:49:48.323 | SUCCESS  | processor.core:start_process:330 - Generated new image: ./output_test\标准水印\20260328_6400.jpg
2026-04-04 21:49:48.942 | SUCCESS  | processor.core:start_process:330 - Generated new image: ./output_test\标准水印\20260328_6472.jpg
2026-04-04 21:49:49.619 | SUCCESS  | processor.core:start_process:330 - Generated new image: ./output_test\标准水印\20260328_校园_猫_1.jpg
2026-04-04 21:49:50.627 | SUCCESS  | processor.core:start_process:330 - Generated new image: ./output_test\标准水印2\20251127_黑日_1.jpg
2026-04-04 21:49:52.381 | SUCCESS  | processor.core:start_process:330 - Generated new image: ./output_test\标准水印2\20260322江心洲.jpg
2026-04-04 21:49:53.695 | SUCCESS  | processor.core:start_process:330 - Generated new image: ./output_test\标准水印2\20260328_6303.jpg
2026-04-04 21:49:55.304 | SUCCESS  | processor.core:start_process:330 - Generated new image: ./output_test\标准水印2\20260328_6368.jpg
2026-04-04 21:49:56.913 | SUCCESS  | processor.core:start_process:330 - Generated new image: ./output_test\标准水印2\20260328_6400.jpg
2026-04-04 21:49:58.196 | SUCCESS  | processor.core:start_process:330 - Generated new image: ./output_test\标准水印2\20260328_6472.jpg
2026-04-04 21:49:59.762 | SUCCESS  | processor.core:start_process:330 - Generated new image: ./output_test\标准水印2\20260328_校园_猫_1.jpg
2026-04-04 21:50:00.739 | SUCCESS  | processor.core:start_process:330 - Generated new image: ./output_test\背景模糊\20251127_黑日_1.jpg
2026-04-04 21:50:03.558 | SUCCESS  | processor.core:start_process:330 - Generated new image: ./output_test\背景模糊\20260322江心洲.jpg
2026-04-04 21:50:05.677 | SUCCESS  | processor.core:start_process:330 - Generated new image: ./output_test\背景模糊\20260328_6303.jpg
2026-04-04 21:50:08.657 | SUCCESS  | processor.core:start_process:330 - Generated new image: ./output_test\背景模糊\20260328_6368.jpg
2026-04-04 21:50:11.755 | SUCCESS  | processor.core:start_process:330 - Generated new image: ./output_test\背景模糊\20260328_6400.jpg
2026-04-04 21:50:13.923 | SUCCESS  | processor.core:start_process:330 - Generated new image: ./output_test\背景模糊\20260328_6472.jpg
2026-04-04 21:50:16.693 | SUCCESS  | processor.core:start_process:330 - Generated new image: ./output_test\背景模糊\20260328_校园_猫_1.jpg
2026-04-04 21:50:46.410 | SUCCESS  | processor.core:start_process:330 - Generated new image: ./output_test\logo居中\20251127_黑日_1.jpg
2026-04-04 21:50:46.683 | SUCCESS  | processor.core:start_process:330 - Generated new image: ./output_test\logo居中\20260322江心洲.jpg
2026-04-04 21:50:46.908 | SUCCESS  | processor.core:start_process:330 - Generated new image: ./output_test\logo居中\20260328_6303.jpg
2026-04-04 21:50:47.201 | SUCCESS  | processor.core:start_process:330 - Generated new image: ./output_test\logo居中\20260328_6368.jpg
2026-04-04 21:50:47.482 | SUCCESS  | processor.core:start_process:330 - Generated new image: ./output_test\logo居中\20260328_6400.jpg
2026-04-04 21:50:47.700 | SUCCESS  | processor.core:start_process:330 - Generated new image: ./output_test\logo居中\20260328_6472.jpg
2026-04-04 21:50:47.987 | SUCCESS  | processor.core:start_process:330 - Generated new image: ./output_test\logo居中\20260328_校园_猫_1.jpg
2026-04-04 21:50:48.225 | SUCCESS  | processor.core:start_process:330 - Generated new image: ./output_test\右下角参数\20251127_黑日_1.jpg
2026-04-04 21:50:48.610 | SUCCESS  | processor.core:start_process:330 - Generated new image: ./output_test\右下角参数\20260322江心洲.jpg
2026-04-04 21:50:48.945 | SUCCESS  | processor.core:start_process:330 - Generated new image: ./output_test\右下角参数\20260328_6303.jpg
2026-04-04 21:50:49.350 | SUCCESS  | processor.core:start_process:330 - Generated new image: ./output_test\右下角参数\20260328_6368.jpg
2026-04-04 21:50:49.744 | SUCCESS  | processor.core:start_process:330 - Generated new image: ./output_test\右下角参数\20260328_6400.jpg
2026-04-04 21:50:50.081 | SUCCESS  | processor.core:start_process:330 - Generated new image: ./output_test\右下角参数\20260328_6472.jpg
2026-04-04 21:50:50.477 | SUCCESS  | processor.core:start_process:330 - Generated new image: ./output_test\右下角参数\20260328_校园_猫_1.jpg
2026-04-04 21:50:51.485 | SUCCESS  | processor.core:start_process:330 - Generated new image: ./output_test\尼康专用背景模糊\20251127_黑日_1.jpg
2026-04-04 21:50:54.389 | SUCCESS  | processor.core:start_process:330 - Generated new image: ./output_test\尼康专用背景模糊\20260322江心洲.jpg
2026-04-04 21:50:56.501 | SUCCESS  | processor.core:start_process:330 - Generated new image: ./output_test\尼康专用背景模糊\20260328_6303.jpg
2026-04-04 21:50:59.488 | SUCCESS  | processor.core:start_process:330 - Generated new image: ./output_test\尼康专用背景模糊\20260328_6368.jpg
2026-04-04 21:51:02.480 | SUCCESS  | processor.core:start_process:330 - Generated new image: ./output_test\尼康专用背景模糊\20260328_6400.jpg
2026-04-04 21:51:04.513 | SUCCESS  | processor.core:start_process:330 - Generated new image: ./output_test\尼康专用背景模糊\20260328_6472.jpg
2026-04-04 21:51:07.526 | SUCCESS  | processor.core:start_process:330 - Generated new image: ./output_test\尼康专用背景模糊\20260328_校园_猫_1.jpg
2026-04-04 21:51:07.781 | SUCCESS  | processor.core:start_process:330 - Generated new image: ./output_test\文件夹名+右下角参数\20251127_黑日_1.jpg
2026-04-04 21:51:08.121 | SUCCESS  | processor.core:start_process:330 - Generated new image: ./output_test\文件夹名+右下角参数\20260322江心洲.jpg
2026-04-04 21:51:08.416 | SUCCESS  | processor.core:start_process:330 - Generated new image: ./output_test\文件夹名+右下角参数\20260328_6303.jpg
2026-04-04 21:51:08.739 | SUCCESS  | processor.core:start_process:330 - Generated new image: ./output_test\文件夹名+右下角参数\20260328_6368.jpg
2026-04-04 21:51:09.050 | SUCCESS  | processor.core:start_process:330 - Generated new image: ./output_test\文件夹名+右下角参数\20260328_6400.jpg
2026-04-04 21:51:09.322 | SUCCESS  | processor.core:start_process:330 - Generated new image: ./output_test\文件夹名+右下角参数\20260328_6472.jpg
2026-04-04 21:51:09.656 | SUCCESS  | processor.core:start_process:330 - Generated new image: ./output_test\文件夹名+右下角参数\20260328_校园_猫_1.jpg
2026-04-04 21:51:10.404 | SUCCESS  | processor.core:start_process:330 - Generated new image: ./output_test\标准水印\20251127_黑日_1.jpg
2026-04-04 21:51:11.291 | SUCCESS  | processor.core:start_process:330 - Generated new image: ./output_test\标准水印\20260322江心洲.jpg
2026-04-04 21:51:11.920 | SUCCESS  | processor.core:start_process:330 - Generated new image: ./output_test\标准水印\20260328_6303.jpg
2026-04-04 21:51:12.640 | SUCCESS  | processor.core:start_process:330 - Generated new image: ./output_test\标准水印\20260328_6368.jpg
2026-04-04 21:51:13.353 | SUCCESS  | processor.core:start_process:330 - Generated new image: ./output_test\标准水印\20260328_6400.jpg
2026-04-04 21:51:14.216 | SUCCESS  | processor.core:start_process:330 - Generated new image: ./output_test\标准水印\20260328_6472.jpg
2026-04-04 21:51:15.117 | SUCCESS  | processor.core:start_process:330 - Generated new image: ./output_test\标准水印\20260328_校园_猫_1.jpg
2026-04-04 21:51:16.216 | SUCCESS  | processor.core:start_process:330 - Generated new image: ./output_test\标准水印2\20251127_黑日_1.jpg
2026-04-04 21:51:18.505 | SUCCESS  | processor.core:start_process:330 - Generated new image: ./output_test\标准水印2\20260322江心洲.jpg
2026-04-04 21:51:20.085 | SUCCESS  | processor.core:start_process:330 - Generated new image: ./output_test\标准水印2\20260328_6303.jpg
2026-04-04 21:51:22.097 | SUCCESS  | processor.core:start_process:330 - Generated new image: ./output_test\标准水印2\20260328_6368.jpg
2026-04-04 21:51:23.903 | SUCCESS  | processor.core:start_process:330 - Generated new image: ./output_test\标准水印2\20260328_6400.jpg
2026-04-04 21:51:25.615 | SUCCESS  | processor.core:start_process:330 - Generated new image: ./output_test\标准水印2\20260328_6472.jpg
2026-04-04 21:51:27.556 | SUCCESS  | processor.core:start_process:330 - Generated new image: ./output_test\标准水印2\20260328_校园_猫_1.jpg
2026-04-04 21:51:28.900 | SUCCESS  | processor.core:start_process:330 - Generated new image: ./output_test\背景模糊\20251127_黑日_1.jpg
2026-04-04 21:51:32.580 | SUCCESS  | processor.core:start_process:330 - Generated new image: ./output_test\背景模糊\20260322江心洲.jpg
2026-04-04 21:51:35.155 | SUCCESS  | processor.core:start_process:330 - Generated new image: ./output_test\背景模糊\20260328_6303.jpg
2026-04-04 21:51:38.328 | SUCCESS  | processor.core:start_process:330 - Generated new image: ./output_test\背景模糊\20260328_6368.jpg
2026-04-04 21:51:41.749 | SUCCESS  | processor.core:start_process:330 - Generated new image: ./output_test\背景模糊\20260328_6400.jpg
2026-04-04 21:51:43.926 | SUCCESS  | processor.core:start_process:330 - Generated new image: ./output_test\背景模糊\20260328_6472.jpg
2026-04-04 21:51:47.150 | SUCCESS  | processor.core:start_process:330 - Generated new image: ./output_test\背景模糊\20260328_校园_猫_1.jpg
