2026-04-05 09:41:56.606 | INFO     | __main__:main:134 - 创建输出文件夹: ./output_fix
2026-04-05 09:41:56.609 | INFO     | __main__:main:147 - 找到 7 个待处理文件
2026-04-05 09:41:56.609 | INFO     | __main__:main:148 - 输入文件夹: ./input
2026-04-05 09:41:56.609 | INFO     | __main__:main:149 - 输出文件夹: ./output_fix
2026-04-05 09:41:56.609 | INFO     | __main__:main:150 - 使用模板: 尼康专用背景模糊
2026-04-05 09:41:56.609 | INFO     | __main__:main:151 - 图片质量: 100
2026-04-05 09:41:56.609 | INFO     | __main__:main:152 - 并发线程: 4
2026-04-05 09:41:56.609 | INFO     | __main__:worker:167 - 正在处理: 20251127_黑日_1.jpg
2026-04-05 09:41:56.610 | INFO     | __main__:worker:167 - 正在处理: 20260322江心洲.jpg
2026-04-05 09:41:56.610 | INFO     | __main__:worker:167 - 正在处理: 20260328_6303.jpg
2026-04-05 09:41:56.610 | INFO     | __main__:worker:167 - 正在处理: 20260328_6368.jpg
2026-04-05 09:41:57.924 | SUCCESS  | processor.core:start_process:330 - Generated new image: ./output_fix\20251127_黑日_1.jpg
2026-04-05 09:41:57.938 | SUCCESS  | __main__:worker:177 - 完成: 20251127_黑日_1.jpg
2026-04-05 09:41:57.939 | INFO     | __main__:worker:167 - 正在处理: 20260328_6400.jpg
2026-04-05 09:41:59.194 | SUCCESS  | processor.core:start_process:330 - Generated new image: ./output_fix\20260328_6303.jpg
2026-04-05 09:41:59.222 | SUCCESS  | __main__:worker:177 - 完成: 20260328_6303.jpg
2026-04-05 09:41:59.225 | INFO     | __main__:worker:167 - 正在处理: 20260328_6472.jpg
2026-04-05 09:42:00.092 | SUCCESS  | processor.core:start_process:330 - Generated new image: ./output_fix\20260322江心洲.jpg
2026-04-05 09:42:00.131 | SUCCESS  | __main__:worker:177 - 完成: 20260322江心洲.jpg
2026-04-05 09:42:00.132 | INFO     | __main__:worker:167 - 正在处理: 20260328_校园_猫_1.jpg
2026-04-05 09:42:00.168 | SUCCESS  | processor.core:start_process:330 - Generated new image: ./output_fix\20260328_6368.jpg
2026-04-05 09:42:00.209 | SUCCESS  | __main__:worker:177 - 完成: 20260328_6368.jpg
2026-04-05 09:42:01.311 | SUCCESS  | processor.core:start_process:330 - Generated new image: ./output_fix\20260328_6400.jpg
2026-04-05 09:42:01.348 | SUCCESS  | __main__:worker:177 - 完成: 20260328_6400.jpg
2026-04-05 09:42:01.539 | SUCCESS  | processor.core:start_process:330 - Generated new image: ./output_fix\20260328_6472.jpg
2026-04-05 09:42:01.562 | SUCCESS  | __main__:worker:177 - 完成: 20260328_6472.jpg
2026-04-05 09:42:03.021 | SUCCESS  | processor.core:start_process:330 - Generated new image: ./output_fix\20260328_校园_猫_1.jpg
2026-04-05 09:42:03.052 | SUCCESS  | __main__:worker:177 - 完成: 20260328_校园_猫_1.jpg
2026-04-05 09:42:03.052 | INFO     | __main__:main:204 - 处理完成! 成功: 7, 跳过: 0, 失败: 0
2026-04-05 09:44:12.969 | INFO     | __main__:main:134 - 创建输出文件夹: ./output_zstyle
2026-04-05 09:44:12.970 | INFO     | __main__:main:147 - 找到 7 个待处理文件
2026-04-05 09:44:12.972 | INFO     | __main__:main:148 - 输入文件夹: ./input
2026-04-05 09:44:12.972 | INFO     | __main__:main:149 - 输出文件夹: ./output_zstyle
2026-04-05 09:44:12.972 | INFO     | __main__:main:150 - 使用模板: 尼康专用背景模糊
2026-04-05 09:44:12.972 | INFO     | __main__:main:151 - 图片质量: 100
2026-04-05 09:44:12.972 | INFO     | __main__:main:152 - 并发线程: 4
2026-04-05 09:44:12.972 | INFO     | __main__:worker:167 - 正在处理: 20251127_黑日_1.jpg
2026-04-05 09:44:12.973 | INFO     | __main__:worker:167 - 正在处理: 20260322江心洲.jpg
2026-04-05 09:44:12.974 | INFO     | __main__:worker:167 - 正在处理: 20260328_6303.jpg
2026-04-05 09:44:12.974 | INFO     | __main__:worker:167 - 正在处理: 20260328_6368.jpg
2026-04-05 09:44:14.222 | SUCCESS  | processor.core:start_process:330 - Generated new image: ./output_zstyle\20251127_黑日_1.jpg
2026-04-05 09:44:14.234 | SUCCESS  | __main__:worker:177 - 完成: 20251127_黑日_1.jpg
2026-04-05 09:44:14.234 | INFO     | __main__:worker:167 - 正在处理: 20260328_6400.jpg
2026-04-05 09:44:15.500 | SUCCESS  | processor.core:start_process:330 - Generated new image: ./output_zstyle\20260328_6303.jpg
2026-04-05 09:44:15.531 | SUCCESS  | __main__:worker:177 - 完成: 20260328_6303.jpg
2026-04-05 09:44:15.531 | INFO     | __main__:worker:167 - 正在处理: 20260328_6472.jpg
2026-04-05 09:44:16.373 | SUCCESS  | processor.core:start_process:330 - Generated new image: ./output_zstyle\20260322江心洲.jpg
2026-04-05 09:44:16.412 | SUCCESS  | __main__:worker:177 - 完成: 20260322江心洲.jpg
2026-04-05 09:44:16.412 | INFO     | __main__:worker:167 - 正在处理: 20260328_校园_猫_1.jpg
2026-04-05 09:44:16.446 | SUCCESS  | processor.core:start_process:330 - Generated new image: ./output_zstyle\20260328_6368.jpg
2026-04-05 09:44:16.484 | SUCCESS  | __main__:worker:177 - 完成: 20260328_6368.jpg
2026-04-05 09:44:17.450 | SUCCESS  | processor.core:start_process:330 - Generated new image: ./output_zstyle\20260328_6400.jpg
2026-04-05 09:44:17.484 | SUCCESS  | __main__:worker:177 - 完成: 20260328_6400.jpg
2026-04-05 09:44:17.830 | SUCCESS  | processor.core:start_process:330 - Generated new image: ./output_zstyle\20260328_6472.jpg
2026-04-05 09:44:17.856 | SUCCESS  | __main__:worker:177 - 完成: 20260328_6472.jpg
2026-04-05 09:44:19.286 | SUCCESS  | processor.core:start_process:330 - Generated new image: ./output_zstyle\20260328_校园_猫_1.jpg
2026-04-05 09:44:19.315 | SUCCESS  | __main__:worker:177 - 完成: 20260328_校园_猫_1.jpg
2026-04-05 09:44:19.315 | INFO     | __main__:main:204 - 处理完成! 成功: 7, 跳过: 0, 失败: 0
2026-04-05 09:45:11.658 | SUCCESS  | processor.core:start_process:330 - Generated new image: ./output_test\logo居中\20251127_黑日_1.jpg
2026-04-05 09:45:11.929 | SUCCESS  | processor.core:start_process:330 - Generated new image: ./output_test\logo居中\20260322江心洲.jpg
2026-04-05 09:45:12.149 | SUCCESS  | processor.core:start_process:330 - Generated new image: ./output_test\logo居中\20260328_6303.jpg
2026-04-05 09:45:12.430 | SUCCESS  | processor.core:start_process:330 - Generated new image: ./output_test\logo居中\20260328_6368.jpg
2026-04-05 09:45:12.709 | SUCCESS  | processor.core:start_process:330 - Generated new image: ./output_test\logo居中\20260328_6400.jpg
2026-04-05 09:45:12.921 | SUCCESS  | processor.core:start_process:330 - Generated new image: ./output_test\logo居中\20260328_6472.jpg
2026-04-05 09:45:13.204 | SUCCESS  | processor.core:start_process:330 - Generated new image: ./output_test\logo居中\20260328_校园_猫_1.jpg
2026-04-05 09:45:13.429 | SUCCESS  | processor.core:start_process:330 - Generated new image: ./output_test\右下角参数\20251127_黑日_1.jpg
2026-04-05 09:45:13.821 | SUCCESS  | processor.core:start_process:330 - Generated new image: ./output_test\右下角参数\20260322江心洲.jpg
2026-04-05 09:45:14.157 | SUCCESS  | processor.core:start_process:330 - Generated new image: ./output_test\右下角参数\20260328_6303.jpg
2026-04-05 09:45:14.566 | SUCCESS  | processor.core:start_process:330 - Generated new image: ./output_test\右下角参数\20260328_6368.jpg
2026-04-05 09:45:14.952 | SUCCESS  | processor.core:start_process:330 - Generated new image: ./output_test\右下角参数\20260328_6400.jpg
2026-04-05 09:45:15.275 | SUCCESS  | processor.core:start_process:330 - Generated new image: ./output_test\右下角参数\20260328_6472.jpg
2026-04-05 09:45:15.685 | SUCCESS  | processor.core:start_process:330 - Generated new image: ./output_test\右下角参数\20260328_校园_猫_1.jpg
2026-04-05 09:45:16.634 | SUCCESS  | processor.core:start_process:330 - Generated new image: ./output_test\尼康专用背景模糊\20251127_黑日_1.jpg
2026-04-05 09:45:19.416 | SUCCESS  | processor.core:start_process:330 - Generated new image: ./output_test\尼康专用背景模糊\20260322江心洲.jpg
2026-04-05 09:45:21.470 | SUCCESS  | processor.core:start_process:330 - Generated new image: ./output_test\尼康专用背景模糊\20260328_6303.jpg
2026-04-05 09:45:24.330 | SUCCESS  | processor.core:start_process:330 - Generated new image: ./output_test\尼康专用背景模糊\20260328_6368.jpg
2026-04-05 09:45:27.256 | SUCCESS  | processor.core:start_process:330 - Generated new image: ./output_test\尼康专用背景模糊\20260328_6400.jpg
2026-04-05 09:45:29.252 | SUCCESS  | processor.core:start_process:330 - Generated new image: ./output_test\尼康专用背景模糊\20260328_6472.jpg
2026-04-05 09:45:31.971 | SUCCESS  | processor.core:start_process:330 - Generated new image: ./output_test\尼康专用背景模糊\20260328_校园_猫_1.jpg
2026-04-05 09:45:32.208 | SUCCESS  | processor.core:start_process:330 - Generated new image: ./output_test\文件夹名+右下角参数\20251127_黑日_1.jpg
2026-04-05 09:45:32.497 | SUCCESS  | processor.core:start_process:330 - Generated new image: ./output_test\文件夹名+右下角参数\20260322江心洲.jpg
2026-04-05 09:45:32.736 | SUCCESS  | processor.core:start_process:330 - Generated new image: ./output_test\文件夹名+右下角参数\20260328_6303.jpg
2026-04-05 09:45:33.015 | SUCCESS  | processor.core:start_process:330 - Generated new image: ./output_test\文件夹名+右下角参数\20260328_6368.jpg
2026-04-05 09:45:33.303 | SUCCESS  | processor.core:start_process:330 - Generated new image: ./output_test\文件夹名+右下角参数\20260328_6400.jpg
2026-04-05 09:45:33.548 | SUCCESS  | processor.core:start_process:330 - Generated new image: ./output_test\文件夹名+右下角参数\20260328_6472.jpg
2026-04-05 09:45:33.842 | SUCCESS  | processor.core:start_process:330 - Generated new image: ./output_test\文件夹名+右下角参数\20260328_校园_猫_1.jpg
2026-04-05 09:45:34.583 | SUCCESS  | processor.core:start_process:330 - Generated new image: ./output_test\标准水印\20251127_黑日_1.jpg
2026-04-05 09:45:35.413 | SUCCESS  | processor.core:start_process:330 - Generated new image: ./output_test\标准水印\20260322江心洲.jpg
2026-04-05 09:45:36.056 | SUCCESS  | processor.core:start_process:330 - Generated new image: ./output_test\标准水印\20260328_6303.jpg
2026-04-05 09:45:36.755 | SUCCESS  | processor.core:start_process:330 - Generated new image: ./output_test\标准水印\20260328_6368.jpg
2026-04-05 09:45:37.459 | SUCCESS  | processor.core:start_process:330 - Generated new image: ./output_test\标准水印\20260328_6400.jpg
2026-04-05 09:45:38.115 | SUCCESS  | processor.core:start_process:330 - Generated new image: ./output_test\标准水印\20260328_6472.jpg
2026-04-05 09:45:38.924 | SUCCESS  | processor.core:start_process:330 - Generated new image: ./output_test\标准水印\20260328_校园_猫_1.jpg
2026-04-05 09:45:40.164 | SUCCESS  | processor.core:start_process:330 - Generated new image: ./output_test\标准水印2\20251127_黑日_1.jpg
2026-04-05 09:45:42.145 | SUCCESS  | processor.core:start_process:330 - Generated new image: ./output_test\标准水印2\20260322江心洲.jpg
2026-04-05 09:45:43.652 | SUCCESS  | processor.core:start_process:330 - Generated new image: ./output_test\标准水印2\20260328_6303.jpg
2026-04-05 09:45:45.344 | SUCCESS  | processor.core:start_process:330 - Generated new image: ./output_test\标准水印2\20260328_6368.jpg
2026-04-05 09:45:46.991 | SUCCESS  | processor.core:start_process:330 - Generated new image: ./output_test\标准水印2\20260328_6400.jpg
2026-04-05 09:45:48.340 | SUCCESS  | processor.core:start_process:330 - Generated new image: ./output_test\标准水印2\20260328_6472.jpg
2026-04-05 09:45:49.940 | SUCCESS  | processor.core:start_process:330 - Generated new image: ./output_test\标准水印2\20260328_校园_猫_1.jpg
2026-04-05 09:45:50.904 | SUCCESS  | processor.core:start_process:330 - Generated new image: ./output_test\背景模糊\20251127_黑日_1.jpg
2026-04-05 09:45:53.856 | SUCCESS  | processor.core:start_process:330 - Generated new image: ./output_test\背景模糊\20260322江心洲.jpg
2026-04-05 09:45:56.066 | SUCCESS  | processor.core:start_process:330 - Generated new image: ./output_test\背景模糊\20260328_6303.jpg
2026-04-05 09:45:59.271 | SUCCESS  | processor.core:start_process:330 - Generated new image: ./output_test\背景模糊\20260328_6368.jpg
2026-04-05 09:46:02.810 | SUCCESS  | processor.core:start_process:330 - Generated new image: ./output_test\背景模糊\20260328_6400.jpg
2026-04-05 09:46:04.850 | SUCCESS  | processor.core:start_process:330 - Generated new image: ./output_test\背景模糊\20260328_6472.jpg
2026-04-05 09:46:07.764 | SUCCESS  | processor.core:start_process:330 - Generated new image: ./output_test\背景模糊\20260328_校园_猫_1.jpg
2026-04-05 09:56:44.342 | SUCCESS  | processor.core:start_process:330 - Generated new image: ./output_test\标准水印\20251127_黑日_1.jpg
2026-04-05 09:56:45.161 | SUCCESS  | processor.core:start_process:330 - Generated new image: ./output_test\标准水印\20260322江心洲.jpg
2026-04-05 09:56:45.776 | SUCCESS  | processor.core:start_process:330 - Generated new image: ./output_test\标准水印\20260328_6303.jpg
2026-04-05 09:56:46.506 | SUCCESS  | processor.core:start_process:330 - Generated new image: ./output_test\标准水印\20260328_6368.jpg
2026-04-05 09:56:47.191 | SUCCESS  | processor.core:start_process:330 - Generated new image: ./output_test\标准水印\20260328_6400.jpg
2026-04-05 09:56:47.809 | SUCCESS  | processor.core:start_process:330 - Generated new image: ./output_test\标准水印\20260328_6472.jpg
2026-04-05 09:56:48.499 | SUCCESS  | processor.core:start_process:330 - Generated new image: ./output_test\标准水印\20260328_校园_猫_1.jpg
2026-04-05 09:56:49.456 | SUCCESS  | processor.core:start_process:330 - Generated new image: ./output_test\背景模糊\20251127_黑日_1.jpg
2026-04-05 09:56:52.332 | SUCCESS  | processor.core:start_process:330 - Generated new image: ./output_test\背景模糊\20260322江心洲.jpg
2026-04-05 09:56:54.432 | SUCCESS  | processor.core:start_process:330 - Generated new image: ./output_test\背景模糊\20260328_6303.jpg
2026-04-05 09:56:57.312 | SUCCESS  | processor.core:start_process:330 - Generated new image: ./output_test\背景模糊\20260328_6368.jpg
2026-04-05 09:57:00.246 | SUCCESS  | processor.core:start_process:330 - Generated new image: ./output_test\背景模糊\20260328_6400.jpg
2026-04-05 09:57:02.261 | SUCCESS  | processor.core:start_process:330 - Generated new image: ./output_test\背景模糊\20260328_6472.jpg
2026-04-05 09:57:05.022 | SUCCESS  | processor.core:start_process:330 - Generated new image: ./output_test\背景模糊\20260328_校园_猫_1.jpg
2026-04-05 09:57:31.465 | SUCCESS  | processor.core:start_process:330 - Generated new image: ./output_test\尼康专用背景模糊\20251127_黑日_1.jpg
2026-04-05 09:57:34.363 | SUCCESS  | processor.core:start_process:330 - Generated new image: ./output_test\尼康专用背景模糊\20260322江心洲.jpg
2026-04-05 09:57:36.531 | SUCCESS  | processor.core:start_process:330 - Generated new image: ./output_test\尼康专用背景模糊\20260328_6303.jpg
2026-04-05 09:57:39.885 | SUCCESS  | processor.core:start_process:330 - Generated new image: ./output_test\尼康专用背景模糊\20260328_6368.jpg
2026-04-05 09:57:43.503 | SUCCESS  | processor.core:start_process:330 - Generated new image: ./output_test\尼康专用背景模糊\20260328_6400.jpg
2026-04-05 09:57:45.862 | SUCCESS  | processor.core:start_process:330 - Generated new image: ./output_test\尼康专用背景模糊\20260328_6472.jpg
2026-04-05 09:57:48.733 | SUCCESS  | processor.core:start_process:330 - Generated new image: ./output_test\尼康专用背景模糊\20260328_校园_猫_1.jpg
2026-04-05 09:58:23.750 | SUCCESS  | processor.core:start_process:330 - Generated new image: ./output_test\logo居中\20251127_黑日_1.jpg
2026-04-05 09:58:24.030 | SUCCESS  | processor.core:start_process:330 - Generated new image: ./output_test\logo居中\20260322江心洲.jpg
2026-04-05 09:58:24.255 | SUCCESS  | processor.core:start_process:330 - Generated new image: ./output_test\logo居中\20260328_6303.jpg
2026-04-05 09:58:24.551 | SUCCESS  | processor.core:start_process:330 - Generated new image: ./output_test\logo居中\20260328_6368.jpg
2026-04-05 09:58:24.835 | SUCCESS  | processor.core:start_process:330 - Generated new image: ./output_test\logo居中\20260328_6400.jpg
2026-04-05 09:58:25.071 | SUCCESS  | processor.core:start_process:330 - Generated new image: ./output_test\logo居中\20260328_6472.jpg
2026-04-05 09:58:25.357 | SUCCESS  | processor.core:start_process:330 - Generated new image: ./output_test\logo居中\20260328_校园_猫_1.jpg
2026-04-05 09:58:25.595 | SUCCESS  | processor.core:start_process:330 - Generated new image: ./output_test\右下角参数\20251127_黑日_1.jpg
2026-04-05 09:58:25.999 | SUCCESS  | processor.core:start_process:330 - Generated new image: ./output_test\右下角参数\20260322江心洲.jpg
2026-04-05 09:58:26.337 | SUCCESS  | processor.core:start_process:330 - Generated new image: ./output_test\右下角参数\20260328_6303.jpg
2026-04-05 09:58:26.743 | SUCCESS  | processor.core:start_process:330 - Generated new image: ./output_test\右下角参数\20260328_6368.jpg
2026-04-05 09:58:27.146 | SUCCESS  | processor.core:start_process:330 - Generated new image: ./output_test\右下角参数\20260328_6400.jpg
2026-04-05 09:58:27.470 | SUCCESS  | processor.core:start_process:330 - Generated new image: ./output_test\右下角参数\20260328_6472.jpg
2026-04-05 09:58:27.875 | SUCCESS  | processor.core:start_process:330 - Generated new image: ./output_test\右下角参数\20260328_校园_猫_1.jpg
2026-04-05 09:58:29.090 | SUCCESS  | processor.core:start_process:330 - Generated new image: ./output_test\尼康专用背景模糊\20251127_黑日_1.jpg
2026-04-05 09:58:32.318 | SUCCESS  | processor.core:start_process:330 - Generated new image: ./output_test\尼康专用背景模糊\20260322江心洲.jpg
2026-04-05 09:58:34.565 | SUCCESS  | processor.core:start_process:330 - Generated new image: ./output_test\尼康专用背景模糊\20260328_6303.jpg
2026-04-05 09:58:37.448 | SUCCESS  | processor.core:start_process:330 - Generated new image: ./output_test\尼康专用背景模糊\20260328_6368.jpg
2026-04-05 09:58:40.506 | SUCCESS  | processor.core:start_process:330 - Generated new image: ./output_test\尼康专用背景模糊\20260328_6400.jpg
2026-04-05 09:58:42.624 | SUCCESS  | processor.core:start_process:330 - Generated new image: ./output_test\尼康专用背景模糊\20260328_6472.jpg
2026-04-05 09:58:45.470 | SUCCESS  | processor.core:start_process:330 - Generated new image: ./output_test\尼康专用背景模糊\20260328_校园_猫_1.jpg
2026-04-05 09:58:45.716 | SUCCESS  | processor.core:start_process:330 - Generated new image: ./output_test\文件夹名+右下角参数\20251127_黑日_1.jpg
2026-04-05 09:58:46.031 | SUCCESS  | processor.core:start_process:330 - Generated new image: ./output_test\文件夹名+右下角参数\20260322江心洲.jpg
2026-04-05 09:58:46.303 | SUCCESS  | processor.core:start_process:330 - Generated new image: ./output_test\文件夹名+右下角参数\20260328_6303.jpg
2026-04-05 09:58:46.623 | SUCCESS  | processor.core:start_process:330 - Generated new image: ./output_test\文件夹名+右下角参数\20260328_6368.jpg
2026-04-05 09:58:46.925 | SUCCESS  | processor.core:start_process:330 - Generated new image: ./output_test\文件夹名+右下角参数\20260328_6400.jpg
2026-04-05 09:58:47.191 | SUCCESS  | processor.core:start_process:330 - Generated new image: ./output_test\文件夹名+右下角参数\20260328_6472.jpg
2026-04-05 09:58:47.511 | SUCCESS  | processor.core:start_process:330 - Generated new image: ./output_test\文件夹名+右下角参数\20260328_校园_猫_1.jpg
2026-04-05 09:58:48.459 | SUCCESS  | processor.core:start_process:330 - Generated new image: ./output_test\标准水印\20251127_黑日_1.jpg
2026-04-05 09:58:49.420 | SUCCESS  | processor.core:start_process:330 - Generated new image: ./output_test\标准水印\20260322江心洲.jpg
2026-04-05 09:58:50.105 | SUCCESS  | processor.core:start_process:330 - Generated new image: ./output_test\标准水印\20260328_6303.jpg
2026-04-05 09:58:50.898 | SUCCESS  | processor.core:start_process:330 - Generated new image: ./output_test\标准水印\20260328_6368.jpg
2026-04-05 09:58:51.732 | SUCCESS  | processor.core:start_process:330 - Generated new image: ./output_test\标准水印\20260328_6400.jpg
2026-04-05 09:58:52.440 | SUCCESS  | processor.core:start_process:330 - Generated new image: ./output_test\标准水印\20260328_6472.jpg
2026-04-05 09:58:53.132 | SUCCESS  | processor.core:start_process:330 - Generated new image: ./output_test\标准水印\20260328_校园_猫_1.jpg
2026-04-05 09:58:54.145 | SUCCESS  | processor.core:start_process:330 - Generated new image: ./output_test\标准水印2\20251127_黑日_1.jpg
2026-04-05 09:58:55.929 | SUCCESS  | processor.core:start_process:330 - Generated new image: ./output_test\标准水印2\20260322江心洲.jpg
2026-04-05 09:58:57.307 | SUCCESS  | processor.core:start_process:330 - Generated new image: ./output_test\标准水印2\20260328_6303.jpg
2026-04-05 09:58:58.958 | SUCCESS  | processor.core:start_process:330 - Generated new image: ./output_test\标准水印2\20260328_6368.jpg
2026-04-05 09:59:00.636 | SUCCESS  | processor.core:start_process:330 - Generated new image: ./output_test\标准水印2\20260328_6400.jpg
2026-04-05 09:59:01.948 | SUCCESS  | processor.core:start_process:330 - Generated new image: ./output_test\标准水印2\20260328_6472.jpg
2026-04-05 09:59:03.625 | SUCCESS  | processor.core:start_process:330 - Generated new image: ./output_test\标准水印2\20260328_校园_猫_1.jpg
2026-04-05 09:59:04.614 | SUCCESS  | processor.core:start_process:330 - Generated new image: ./output_test\背景模糊\20251127_黑日_1.jpg
2026-04-05 09:59:07.472 | SUCCESS  | processor.core:start_process:330 - Generated new image: ./output_test\背景模糊\20260322江心洲.jpg
2026-04-05 09:59:09.840 | SUCCESS  | processor.core:start_process:330 - Generated new image: ./output_test\背景模糊\20260328_6303.jpg
2026-04-05 09:59:12.842 | SUCCESS  | processor.core:start_process:330 - Generated new image: ./output_test\背景模糊\20260328_6368.jpg
2026-04-05 09:59:15.775 | SUCCESS  | processor.core:start_process:330 - Generated new image: ./output_test\背景模糊\20260328_6400.jpg
2026-04-05 09:59:17.797 | SUCCESS  | processor.core:start_process:330 - Generated new image: ./output_test\背景模糊\20260328_6472.jpg
2026-04-05 09:59:20.604 | SUCCESS  | processor.core:start_process:330 - Generated new image: ./output_test\背景模糊\20260328_校园_猫_1.jpg
2026-04-05 10:40:52.515 | SUCCESS  | processor.core:start_process:330 - Generated new image: ./output_test\logo居中\20251127_黑日_1.jpg
2026-04-05 10:40:52.790 | SUCCESS  | processor.core:start_process:330 - Generated new image: ./output_test\logo居中\20260322江心洲.jpg
2026-04-05 10:40:53.013 | SUCCESS  | processor.core:start_process:330 - Generated new image: ./output_test\logo居中\20260328_6303.jpg
2026-04-05 10:40:53.293 | SUCCESS  | processor.core:start_process:330 - Generated new image: ./output_test\logo居中\20260328_6368.jpg
2026-04-05 10:40:53.574 | SUCCESS  | processor.core:start_process:330 - Generated new image: ./output_test\logo居中\20260328_6400.jpg
2026-04-05 10:40:53.792 | SUCCESS  | processor.core:start_process:330 - Generated new image: ./output_test\logo居中\20260328_6472.jpg
2026-04-05 10:40:54.078 | SUCCESS  | processor.core:start_process:330 - Generated new image: ./output_test\logo居中\20260328_校园_猫_1.jpg
2026-04-05 10:40:54.327 | SUCCESS  | processor.core:start_process:330 - Generated new image: ./output_test\右下角参数\20251127_黑日_1.jpg
2026-04-05 10:40:54.720 | SUCCESS  | processor.core:start_process:330 - Generated new image: ./output_test\右下角参数\20260322江心洲.jpg
2026-04-05 10:40:55.056 | SUCCESS  | processor.core:start_process:330 - Generated new image: ./output_test\右下角参数\20260328_6303.jpg
2026-04-05 10:40:55.670 | SUCCESS  | processor.core:start_process:330 - Generated new image: ./output_test\右下角参数\20260328_6368.jpg
2026-04-05 10:40:56.234 | SUCCESS  | processor.core:start_process:330 - Generated new image: ./output_test\右下角参数\20260328_6400.jpg
2026-04-05 10:40:56.682 | SUCCESS  | processor.core:start_process:330 - Generated new image: ./output_test\右下角参数\20260328_6472.jpg
2026-04-05 10:40:57.195 | SUCCESS  | processor.core:start_process:330 - Generated new image: ./output_test\右下角参数\20260328_校园_猫_1.jpg
2026-04-05 10:40:58.574 | SUCCESS  | processor.core:start_process:330 - Generated new image: ./output_test\尼康专用背景模糊\20251127_黑日_1.jpg
2026-04-05 10:41:02.397 | SUCCESS  | processor.core:start_process:330 - Generated new image: ./output_test\尼康专用背景模糊\20260322江心洲.jpg
2026-04-05 10:41:05.240 | SUCCESS  | processor.core:start_process:330 - Generated new image: ./output_test\尼康专用背景模糊\20260328_6303.jpg
2026-04-05 10:41:09.217 | SUCCESS  | processor.core:start_process:330 - Generated new image: ./output_test\尼康专用背景模糊\20260328_6368.jpg
2026-04-05 10:41:13.263 | SUCCESS  | processor.core:start_process:330 - Generated new image: ./output_test\尼康专用背景模糊\20260328_6400.jpg
2026-04-05 10:41:15.972 | SUCCESS  | processor.core:start_process:330 - Generated new image: ./output_test\尼康专用背景模糊\20260328_6472.jpg
2026-04-05 10:41:19.657 | SUCCESS  | processor.core:start_process:330 - Generated new image: ./output_test\尼康专用背景模糊\20260328_校园_猫_1.jpg
2026-04-05 10:41:19.996 | SUCCESS  | processor.core:start_process:330 - Generated new image: ./output_test\文件夹名+右下角参数\20251127_黑日_1.jpg
2026-04-05 10:41:20.417 | SUCCESS  | processor.core:start_process:330 - Generated new image: ./output_test\文件夹名+右下角参数\20260322江心洲.jpg
2026-04-05 10:41:20.750 | SUCCESS  | processor.core:start_process:330 - Generated new image: ./output_test\文件夹名+右下角参数\20260328_6303.jpg
2026-04-05 10:41:21.166 | SUCCESS  | processor.core:start_process:330 - Generated new image: ./output_test\文件夹名+右下角参数\20260328_6368.jpg
2026-04-05 10:41:21.560 | SUCCESS  | processor.core:start_process:330 - Generated new image: ./output_test\文件夹名+右下角参数\20260328_6400.jpg
2026-04-05 10:41:21.946 | SUCCESS  | processor.core:start_process:330 - Generated new image: ./output_test\文件夹名+右下角参数\20260328_6472.jpg
2026-04-05 10:41:22.339 | SUCCESS  | processor.core:start_process:330 - Generated new image: ./output_test\文件夹名+右下角参数\20260328_校园_猫_1.jpg
2026-04-05 10:41:23.234 | SUCCESS  | processor.core:start_process:330 - Generated new image: ./output_test\标准水印\20251127_黑日_1.jpg
2026-04-05 10:41:24.414 | SUCCESS  | processor.core:start_process:330 - Generated new image: ./output_test\标准水印\20260322江心洲.jpg
2026-04-05 10:41:25.301 | SUCCESS  | processor.core:start_process:330 - Generated new image: ./output_test\标准水印\20260328_6303.jpg
2026-04-05 10:41:26.010 | SUCCESS  | processor.core:start_process:330 - Generated new image: ./output_test\标准水印\20260328_6368.jpg
2026-04-05 10:41:26.728 | SUCCESS  | processor.core:start_process:330 - Generated new image: ./output_test\标准水印\20260328_6400.jpg
2026-04-05 10:41:27.356 | SUCCESS  | processor.core:start_process:330 - Generated new image: ./output_test\标准水印\20260328_6472.jpg
2026-04-05 10:41:28.066 | SUCCESS  | processor.core:start_process:330 - Generated new image: ./output_test\标准水印\20260328_校园_猫_1.jpg
2026-04-05 10:41:29.083 | SUCCESS  | processor.core:start_process:330 - Generated new image: ./output_test\标准水印2\20251127_黑日_1.jpg
2026-04-05 10:41:30.937 | SUCCESS  | processor.core:start_process:330 - Generated new image: ./output_test\标准水印2\20260322江心洲.jpg
2026-04-05 10:41:32.287 | SUCCESS  | processor.core:start_process:330 - Generated new image: ./output_test\标准水印2\20260328_6303.jpg
2026-04-05 10:41:34.109 | SUCCESS  | processor.core:start_process:330 - Generated new image: ./output_test\标准水印2\20260328_6368.jpg
2026-04-05 10:41:36.066 | SUCCESS  | processor.core:start_process:330 - Generated new image: ./output_test\标准水印2\20260328_6400.jpg
2026-04-05 10:41:37.537 | SUCCESS  | processor.core:start_process:330 - Generated new image: ./output_test\标准水印2\20260328_6472.jpg
2026-04-05 10:41:39.315 | SUCCESS  | processor.core:start_process:330 - Generated new image: ./output_test\标准水印2\20260328_校园_猫_1.jpg
2026-04-05 10:41:40.325 | SUCCESS  | processor.core:start_process:330 - Generated new image: ./output_test\背景模糊\20251127_黑日_1.jpg
2026-04-05 10:41:43.249 | SUCCESS  | processor.core:start_process:330 - Generated new image: ./output_test\背景模糊\20260322江心洲.jpg
2026-04-05 10:41:45.609 | SUCCESS  | processor.core:start_process:330 - Generated new image: ./output_test\背景模糊\20260328_6303.jpg
2026-04-05 10:41:48.696 | SUCCESS  | processor.core:start_process:330 - Generated new image: ./output_test\背景模糊\20260328_6368.jpg
2026-04-05 10:41:52.448 | SUCCESS  | processor.core:start_process:330 - Generated new image: ./output_test\背景模糊\20260328_6400.jpg
2026-04-05 10:41:55.142 | SUCCESS  | processor.core:start_process:330 - Generated new image: ./output_test\背景模糊\20260328_6472.jpg
2026-04-05 10:41:58.797 | SUCCESS  | processor.core:start_process:330 - Generated new image: ./output_test\背景模糊\20260328_校园_猫_1.jpg
2026-04-05 11:04:29.488 | SUCCESS  | processor.core:start_process:330 - Generated new image: ./output_test\尼康专用背景模糊\20251127_黑日_1.jpg
2026-04-05 11:04:32.348 | SUCCESS  | processor.core:start_process:330 - Generated new image: ./output_test\尼康专用背景模糊\20260322江心洲.jpg
2026-04-05 11:04:34.509 | SUCCESS  | processor.core:start_process:330 - Generated new image: ./output_test\尼康专用背景模糊\20260328_6303.jpg
2026-04-05 11:04:37.850 | SUCCESS  | processor.core:start_process:330 - Generated new image: ./output_test\尼康专用背景模糊\20260328_6368.jpg
2026-04-05 11:04:40.958 | SUCCESS  | processor.core:start_process:330 - Generated new image: ./output_test\尼康专用背景模糊\20260328_6400.jpg
2026-04-05 11:04:43.066 | SUCCESS  | processor.core:start_process:330 - Generated new image: ./output_test\尼康专用背景模糊\20260328_6472.jpg
2026-04-05 11:04:45.856 | SUCCESS  | processor.core:start_process:330 - Generated new image: ./output_test\尼康专用背景模糊\20260328_校园_猫_1.jpg
2026-04-05 16:19:43.993 | ERROR    | __main__:run:179 - Traceback (most recent call last):
  File "E:\Code\Project\Python\ImageEXIFStyler\UI\main.py", line 172, in run
    image = service.render_preview(self.input_path, self.template_name)
  File "E:\Code\Project\Python\ImageEXIFStyler\UI\main.py", line 148, in render_preview
    image = start_process(pipeline, input_path=input_path)
  File "E:\Code\Project\Python\ImageEXIFStyler\processor\core.py", line 303, in start_process
    raise RuntimeError(f"Processor '{node.get_processor_name()}' not found")
RuntimeError: Processor 'rounded_corner' not found

2026-04-05 16:19:48.449 | ERROR    | __main__:run:179 - Traceback (most recent call last):
  File "E:\Code\Project\Python\ImageEXIFStyler\UI\main.py", line 172, in run
    image = service.render_preview(self.input_path, self.template_name)
  File "E:\Code\Project\Python\ImageEXIFStyler\UI\main.py", line 148, in render_preview
    image = start_process(pipeline, input_path=input_path)
  File "E:\Code\Project\Python\ImageEXIFStyler\processor\core.py", line 303, in start_process
    raise RuntimeError(f"Processor '{node.get_processor_name()}' not found")
RuntimeError: Processor 'rounded_corner' not found

2026-04-05 16:19:50.813 | ERROR    | __main__:run:179 - Traceback (most recent call last):
  File "E:\Code\Project\Python\ImageEXIFStyler\UI\main.py", line 172, in run
    image = service.render_preview(self.input_path, self.template_name)
  File "E:\Code\Project\Python\ImageEXIFStyler\UI\main.py", line 148, in render_preview
    image = start_process(pipeline, input_path=input_path)
  File "E:\Code\Project\Python\ImageEXIFStyler\processor\core.py", line 303, in start_process
    raise RuntimeError(f"Processor '{node.get_processor_name()}' not found")
RuntimeError: Processor 'rounded_corner' not found

2026-04-05 16:20:01.075 | ERROR    | __main__:run:179 - Traceback (most recent call last):
  File "E:\Code\Project\Python\ImageEXIFStyler\UI\main.py", line 172, in run
    image = service.render_preview(self.input_path, self.template_name)
  File "E:\Code\Project\Python\ImageEXIFStyler\UI\main.py", line 148, in render_preview
    image = start_process(pipeline, input_path=input_path)
  File "E:\Code\Project\Python\ImageEXIFStyler\processor\core.py", line 303, in start_process
    raise RuntimeError(f"Processor '{node.get_processor_name()}' not found")
RuntimeError: Processor 'watermark' not found

2026-04-05 16:20:02.934 | ERROR    | __main__:run:179 - Traceback (most recent call last):
  File "E:\Code\Project\Python\ImageEXIFStyler\UI\main.py", line 172, in run
    image = service.render_preview(self.input_path, self.template_name)
  File "E:\Code\Project\Python\ImageEXIFStyler\UI\main.py", line 148, in render_preview
    image = start_process(pipeline, input_path=input_path)
  File "E:\Code\Project\Python\ImageEXIFStyler\processor\core.py", line 303, in start_process
    raise RuntimeError(f"Processor '{node.get_processor_name()}' not found")
RuntimeError: Processor 'rounded_corner' not found

2026-04-05 16:20:07.686 | ERROR    | __main__:run:179 - Traceback (most recent call last):
  File "E:\Code\Project\Python\ImageEXIFStyler\UI\main.py", line 172, in run
    image = service.render_preview(self.input_path, self.template_name)
  File "E:\Code\Project\Python\ImageEXIFStyler\UI\main.py", line 148, in render_preview
    image = start_process(pipeline, input_path=input_path)
  File "E:\Code\Project\Python\ImageEXIFStyler\processor\core.py", line 303, in start_process
    raise RuntimeError(f"Processor '{node.get_processor_name()}' not found")
RuntimeError: Processor 'rounded_corner' not found

2026-04-05 16:28:09.098 | WARNING  | processor:_auto_register_processors:29 - Failed to import processor.filters: No module named 'numpy'
2026-04-05 16:28:09.101 | WARNING  | processor:_auto_register_processors:29 - Failed to import processor.generators: No module named 'numpy'
2026-04-05 16:28:09.188 | WARNING  | processor:ensure_processors_registered:47 - Missing processors detected: ['rounded_corner'], retrying auto registration.
2026-04-05 16:28:09.189 | WARNING  | processor:_auto_register_processors:29 - Failed to import processor.filters: No module named 'numpy'
2026-04-05 16:28:09.191 | WARNING  | processor:_auto_register_processors:29 - Failed to import processor.generators: No module named 'numpy'
2026-04-05 16:28:09.191 | ERROR    | __main__:run:182 - Traceback (most recent call last):
  File "E:\Code\Project\Python\ImageEXIFStyler\UI\main.py", line 175, in run
    image = service.render_preview(self.input_path, self.template_name)
  File "E:\Code\Project\Python\ImageEXIFStyler\UI\main.py", line 151, in render_preview
    image = start_process(pipeline, input_path=input_path)
  File "E:\Code\Project\Python\ImageEXIFStyler\processor\core.py", line 311, in start_process
    raise RuntimeError(f"Processor '{node.get_processor_name()}' not found")
RuntimeError: Processor 'rounded_corner' not found

2026-04-05 16:28:15.073 | WARNING  | processor:_auto_register_processors:29 - Failed to import processor.filters: No module named 'numpy'
2026-04-05 16:28:15.074 | WARNING  | processor:_auto_register_processors:29 - Failed to import processor.generators: No module named 'numpy'
2026-04-05 16:28:15.075 | WARNING  | processor:_auto_register_processors:29 - Failed to import processor.filters: No module named 'numpy'
2026-04-05 16:28:15.077 | WARNING  | processor:_auto_register_processors:29 - Failed to import processor.generators: No module named 'numpy'
2026-04-05 16:28:15.134 | WARNING  | processor:ensure_processors_registered:47 - Missing processors detected: ['rounded_corner'], retrying auto registration.
2026-04-05 16:28:15.136 | WARNING  | processor:_auto_register_processors:29 - Failed to import processor.filters: No module named 'numpy'
2026-04-05 16:28:15.138 | WARNING  | processor:_auto_register_processors:29 - Failed to import processor.generators: No module named 'numpy'
2026-04-05 16:28:15.138 | ERROR    | __main__:run:182 - Traceback (most recent call last):
  File "E:\Code\Project\Python\ImageEXIFStyler\UI\main.py", line 175, in run
    image = service.render_preview(self.input_path, self.template_name)
  File "E:\Code\Project\Python\ImageEXIFStyler\UI\main.py", line 151, in render_preview
    image = start_process(pipeline, input_path=input_path)
  File "E:\Code\Project\Python\ImageEXIFStyler\processor\core.py", line 311, in start_process
    raise RuntimeError(f"Processor '{node.get_processor_name()}' not found")
RuntimeError: Processor 'rounded_corner' not found

2026-04-05 16:34:13.919 | WARNING  | processor:_auto_register_processors:29 - Failed to import processor.filters: No module named 'numpy'
2026-04-05 16:34:13.920 | WARNING  | processor:_auto_register_processors:29 - Failed to import processor.generators: No module named 'numpy'
2026-04-05 16:34:13.995 | WARNING  | processor:ensure_processors_registered:47 - Missing processors detected: ['rounded_corner'], retrying auto registration.
2026-04-05 16:34:13.997 | WARNING  | processor:_auto_register_processors:29 - Failed to import processor.filters: No module named 'numpy'
2026-04-05 16:34:13.998 | WARNING  | processor:_auto_register_processors:29 - Failed to import processor.generators: No module named 'numpy'
2026-04-05 16:34:13.999 | ERROR    | __main__:run:182 - Traceback (most recent call last):
  File "E:\Code\Project\Python\ImageEXIFStyler\UI\main.py", line 175, in run
    image = service.render_preview(self.input_path, self.template_name)
  File "E:\Code\Project\Python\ImageEXIFStyler\UI\main.py", line 151, in render_preview
    image = start_process(pipeline, input_path=input_path)
  File "E:\Code\Project\Python\ImageEXIFStyler\processor\core.py", line 311, in start_process
    raise RuntimeError(f"Processor '{node.get_processor_name()}' not found")
RuntimeError: Processor 'rounded_corner' not found

2026-04-05 16:48:59.844 | SUCCESS  | processor.core:start_process:338 - Generated new image: C:\Users\lzy\Downloads\20260322江心洲_背景模糊.jpg
2026-04-05 16:49:39.845 | SUCCESS  | processor.core:start_process:338 - Generated new image: C:\Users\lzy\Downloads\20260322江心洲_标准水印2.jpg
2026-04-05 16:51:52.125 | SUCCESS  | processor.core:start_process:338 - Generated new image: C:\Users\lzy\Downloads\20260328_6303_标准水印.jpg
2026-04-05 17:07:21.797 | SUCCESS  | processor.core:start_process:338 - Generated new image: C:\Users\lzy\Downloads\20260322江心洲_尼康专用背景模糊.jpg
2026-04-05 17:34:17.677 | SUCCESS  | processor.core:start_process:338 - Generated new image: C:\Users\lzy\Downloads\20260322江心洲_标准水印2.jpg
