2026-04-07 14:24:37.354 | SUCCESS  | processor.core:start_process:361 - Generated new image: C:\Users\lzy\Downloads\20260322江心洲_exif_styled_001.jpg
2026-04-07 14:25:47.071 | SUCCESS  | processor.core:start_process:361 - Generated new image: C:\Users\lzy\Downloads\新建文件夹\20260328_6303.jpg
2026-04-07 14:25:53.242 | SUCCESS  | processor.core:start_process:361 - Generated new image: C:\Users\lzy\Downloads\新建文件夹\20260328_6368.jpg
2026-04-07 14:37:47.077 | SUCCESS  | processor.core:start_process:361 - Generated new image: C:\Users\lzy\Downloads\新建文件夹\20260328_6472.jpg
2026-04-07 14:37:53.018 | SUCCESS  | processor.core:start_process:361 - Generated new image: C:\Users\lzy\Downloads\新建文件夹\20260328_校园_猫_1.jpg
2026-04-07 14:41:53.084 | SUCCESS  | processor.core:start_process:361 - Generated new image: C:\Users\lzy\Downloads\新建文件夹\20260328_6472.jpg
2026-04-07 14:41:59.500 | SUCCESS  | processor.core:start_process:361 - Generated new image: C:\Users\lzy\Downloads\新建文件夹\20260328_校园_猫_1.jpg
2026-04-07 14:57:42.353 | SUCCESS  | processor.core:start_process:361 - Generated new image: C:\Users\lzy\Downloads\新建文件夹\20260322江心洲_背景模糊.jpg
2026-04-07 14:57:47.742 | SUCCESS  | processor.core:start_process:361 - Generated new image: C:\Users\lzy\Downloads\新建文件夹\20260328_6303_背景模糊.jpg
2026-04-07 14:58:00.494 | SUCCESS  | processor.core:start_process:361 - Generated new image: C:\Users\lzy\Downloads\新建文件夹\20260322江心洲_尼康专用背景模糊.jpg
2026-04-07 14:58:06.191 | SUCCESS  | processor.core:start_process:361 - Generated new image: C:\Users\lzy\Downloads\新建文件夹\20260328_6303_尼康专用背景模糊.jpg
2026-04-07 15:01:03.211 | SUCCESS  | processor.core:start_process:361 - Generated new image: C:\Users\lzy\Downloads\新建文件夹\20260322江心洲_标准水印2.jpg
2026-04-07 15:01:10.349 | SUCCESS  | processor.core:start_process:361 - Generated new image: C:\Users\lzy\Downloads\新建文件夹\20260328_6303_标准水印2.jpg
2026-04-07 15:19:01.120 | SUCCESS  | processor.core:start_process:361 - Generated new image: E:\Code\Project\Python\ImageEXIFStyler\output\20260328_6368_背景模糊.jpg
2026-04-07 15:23:44.269 | SUCCESS  | processor.core:start_process:361 - Generated new image: E:\Code\Project\Python\ImageEXIFStyler\output\20251127_黑日_1_背景模糊.jpg
2026-04-07 15:23:50.455 | SUCCESS  | processor.core:start_process:361 - Generated new image: E:\Code\Project\Python\ImageEXIFStyler\output\20260322江心洲_背景模糊.jpg
2026-04-07 15:23:55.868 | SUCCESS  | processor.core:start_process:361 - Generated new image: E:\Code\Project\Python\ImageEXIFStyler\output\20260328_6303_背景模糊.jpg
2026-04-07 15:24:02.377 | SUCCESS  | processor.core:start_process:361 - Generated new image: E:\Code\Project\Python\ImageEXIFStyler\output\20260328_6400_背景模糊.jpg
2026-04-07 15:24:07.746 | SUCCESS  | processor.core:start_process:361 - Generated new image: E:\Code\Project\Python\ImageEXIFStyler\output\20260328_6472_背景模糊.jpg
2026-04-07 15:24:13.718 | SUCCESS  | processor.core:start_process:361 - Generated new image: E:\Code\Project\Python\ImageEXIFStyler\output\20260328_校园_猫_1_背景模糊.jpg
