2026-04-05 16:19:43.993 | ERROR    | __main__:run:179 - Traceback (most recent call last):
  File "E:\Code\Project\Python\ImageEXIFStyler\UI\main.py", line 172, in run
    image = service.render_preview(self.input_path, self.template_name)
  File "E:\Code\Project\Python\ImageEXIFStyler\UI\main.py", line 148, in render_preview
    image = start_process(pipeline, input_path=input_path)
  File "E:\Code\Project\Python\ImageEXIFStyler\processor\core.py", line 303, in start_process
    raise RuntimeError(f"Processor '{node.get_processor_name()}' not found")
RuntimeError: Processor 'rounded_corner' not found

2026-04-05 16:19:48.449 | ERROR    | __main__:run:179 - Traceback (most recent call last):
  File "E:\Code\Project\Python\ImageEXIFStyler\UI\main.py", line 172, in run
    image = service.render_preview(self.input_path, self.template_name)
  File "E:\Code\Project\Python\ImageEXIFStyler\UI\main.py", line 148, in render_preview
    image = start_process(pipeline, input_path=input_path)
  File "E:\Code\Project\Python\ImageEXIFStyler\processor\core.py", line 303, in start_process
    raise RuntimeError(f"Processor '{node.get_processor_name()}' not found")
RuntimeError: Processor 'rounded_corner' not found

2026-04-05 16:19:50.813 | ERROR    | __main__:run:179 - Traceback (most recent call last):
  File "E:\Code\Project\Python\ImageEXIFStyler\UI\main.py", line 172, in run
    image = service.render_preview(self.input_path, self.template_name)
  File "E:\Code\Project\Python\ImageEXIFStyler\UI\main.py", line 148, in render_preview
    image = start_process(pipeline, input_path=input_path)
  File "E:\Code\Project\Python\ImageEXIFStyler\processor\core.py", line 303, in start_process
    raise RuntimeError(f"Processor '{node.get_processor_name()}' not found")
RuntimeError: Processor 'rounded_corner' not found

2026-04-05 16:20:01.075 | ERROR    | __main__:run:179 - Traceback (most recent call last):
  File "E:\Code\Project\Python\ImageEXIFStyler\UI\main.py", line 172, in run
    image = service.render_preview(self.input_path, self.template_name)
  File "E:\Code\Project\Python\ImageEXIFStyler\UI\main.py", line 148, in render_preview
    image = start_process(pipeline, input_path=input_path)
  File "E:\Code\Project\Python\ImageEXIFStyler\processor\core.py", line 303, in start_process
    raise RuntimeError(f"Processor '{node.get_processor_name()}' not found")
RuntimeError: Processor 'watermark' not found

2026-04-05 16:20:02.934 | ERROR    | __main__:run:179 - Traceback (most recent call last):
  File "E:\Code\Project\Python\ImageEXIFStyler\UI\main.py", line 172, in run
    image = service.render_preview(self.input_path, self.template_name)
  File "E:\Code\Project\Python\ImageEXIFStyler\UI\main.py", line 148, in render_preview
    image = start_process(pipeline, input_path=input_path)
  File "E:\Code\Project\Python\ImageEXIFStyler\processor\core.py", line 303, in start_process
    raise RuntimeError(f"Processor '{node.get_processor_name()}' not found")
RuntimeError: Processor 'rounded_corner' not found

2026-04-05 16:20:07.686 | ERROR    | __main__:run:179 - Traceback (most recent call last):
  File "E:\Code\Project\Python\ImageEXIFStyler\UI\main.py", line 172, in run
    image = service.render_preview(self.input_path, self.template_name)
  File "E:\Code\Project\Python\ImageEXIFStyler\UI\main.py", line 148, in render_preview
    image = start_process(pipeline, input_path=input_path)
  File "E:\Code\Project\Python\ImageEXIFStyler\processor\core.py", line 303, in start_process
    raise RuntimeError(f"Processor '{node.get_processor_name()}' not found")
RuntimeError: Processor 'rounded_corner' not found

2026-04-05 16:28:09.191 | ERROR    | __main__:run:182 - Traceback (most recent call last):
  File "E:\Code\Project\Python\ImageEXIFStyler\UI\main.py", line 175, in run
    image = service.render_preview(self.input_path, self.template_name)
  File "E:\Code\Project\Python\ImageEXIFStyler\UI\main.py", line 151, in render_preview
    image = start_process(pipeline, input_path=input_path)
  File "E:\Code\Project\Python\ImageEXIFStyler\processor\core.py", line 311, in start_process
    raise RuntimeError(f"Processor '{node.get_processor_name()}' not found")
RuntimeError: Processor 'rounded_corner' not found

2026-04-05 16:28:15.138 | ERROR    | __main__:run:182 - Traceback (most recent call last):
  File "E:\Code\Project\Python\ImageEXIFStyler\UI\main.py", line 175, in run
    image = service.render_preview(self.input_path, self.template_name)
  File "E:\Code\Project\Python\ImageEXIFStyler\UI\main.py", line 151, in render_preview
    image = start_process(pipeline, input_path=input_path)
  File "E:\Code\Project\Python\ImageEXIFStyler\processor\core.py", line 311, in start_process
    raise RuntimeError(f"Processor '{node.get_processor_name()}' not found")
RuntimeError: Processor 'rounded_corner' not found

2026-04-05 16:34:13.999 | ERROR    | __main__:run:182 - Traceback (most recent call last):
  File "E:\Code\Project\Python\ImageEXIFStyler\UI\main.py", line 175, in run
    image = service.render_preview(self.input_path, self.template_name)
  File "E:\Code\Project\Python\ImageEXIFStyler\UI\main.py", line 151, in render_preview
    image = start_process(pipeline, input_path=input_path)
  File "E:\Code\Project\Python\ImageEXIFStyler\processor\core.py", line 311, in start_process
    raise RuntimeError(f"Processor '{node.get_processor_name()}' not found")
RuntimeError: Processor 'rounded_corner' not found

