2026-04-11 16:26:02.721 | ERROR    | __main__:run:116 - Traceback (most recent call last):
  File "E:\Code\Project\Python\ImageEXIFStyler\UI\main.py", line 109, in run
    image = service.render_preview(self.input_path, self.template_name, exif_data=exif_data)
  File "E:\Code\Project\Python\ImageEXIFStyler\UI\shared\render_service.py", line 59, in render_preview
    image = start_process(pipeline, input_path=input_path, exif_data=exif)
  File "E:\Code\Project\Python\ImageEXIFStyler\processor\core.py", line 339, in start_process
    processor_instance.process(node)
  File "E:\Code\Project\Python\ImageEXIFStyler\processor\core.py", line 159, in wrapper
    return original_process(self, ctx)
  File "E:\Code\Project\Python\ImageEXIFStyler\processor\filters.py", line 348, in process
    right_logo = Image.open(ctx.get("right_logo")).convert('RGBA') if ctx.get("right_logo") else None
  File "C:\Users\lzy\.conda\envs\ies\lib\site-packages\PIL\Image.py", line 3513, in open
    fp = builtins.open(filename, "rb")
FileNotFoundError: [Errno 2] No such file or directory: 'None'

2026-04-11 16:26:12.086 | ERROR    | __main__:run:116 - Traceback (most recent call last):
  File "E:\Code\Project\Python\ImageEXIFStyler\UI\main.py", line 109, in run
    image = service.render_preview(self.input_path, self.template_name, exif_data=exif_data)
  File "E:\Code\Project\Python\ImageEXIFStyler\UI\shared\render_service.py", line 59, in render_preview
    image = start_process(pipeline, input_path=input_path, exif_data=exif)
  File "E:\Code\Project\Python\ImageEXIFStyler\processor\core.py", line 339, in start_process
    processor_instance.process(node)
  File "E:\Code\Project\Python\ImageEXIFStyler\processor\core.py", line 159, in wrapper
    return original_process(self, ctx)
  File "E:\Code\Project\Python\ImageEXIFStyler\processor\filters.py", line 348, in process
    right_logo = Image.open(ctx.get("right_logo")).convert('RGBA') if ctx.get("right_logo") else None
  File "C:\Users\lzy\.conda\envs\ies\lib\site-packages\PIL\Image.py", line 3513, in open
    fp = builtins.open(filename, "rb")
FileNotFoundError: [Errno 2] No such file or directory: 'None'

